{"filter":false,"title":"rspec.log","tooltip":"/bookers2/rspec.log","undoManager":{"mark":0,"position":0,"stack":[[{"start":{"row":83,"column":0},"end":{"row":1239,"column":0},"action":"insert","lines":["\u001b[32m      Log outリンクが表示される: 左上から5番目のリンクが「Log out」である\u001b[0m","  ユーザログアウトのテスト","    ログアウト機能のテスト","\u001b[32m      正しくログアウトできている: ログアウト後のリダイレクト先においてAbout画面へのリンクが存在する\u001b[0m","\u001b[32m      ログアウト後のリダイレクト先が、トップになっている\u001b[0m","","[STEP2] ユーザログイン後のテスト","  ヘッダーのテスト: ログインしている場合","    リンクの内容を確認: ※logoutは『ユーザログアウトのテスト』でテスト済みになります。","\u001b[31m      Homeを押すと、自分のユーザ詳細画面に遷移する (FAILED - 1)\u001b[0m","\u001b[32m      Usersを押すと、ユーザ一覧画面に遷移する\u001b[0m","\u001b[32m      Booksを押すと、投稿一覧画面に遷移する\u001b[0m","  投稿一覧画面のテスト","    表示内容の確認","\u001b[32m      URLが正しい\u001b[0m","\u001b[31m      自分と他人の画像のリンク先が正しい (FAILED - 2)\u001b[0m","\u001b[31m      自分の投稿と他人の投稿のタイトルのリンク先がそれぞれ正しい (FAILED - 3)\u001b[0m","\u001b[31m      自分の投稿と他人の投稿のオピニオンが表示される (FAILED - 4)\u001b[0m","    サイドバーの確認","\u001b[31m      自分の名前と紹介文が表示される (FAILED - 5)\u001b[0m","\u001b[31m      自分のユーザ編集画面へのリンクが存在する (FAILED - 6)\u001b[0m","\u001b[31m      「New book」と表示される (FAILED - 7)\u001b[0m","\u001b[31m      titleフォームが表示される (FAILED - 8)\u001b[0m","\u001b[31m      titleフォームに値が入っていない (FAILED - 9)\u001b[0m","\u001b[31m      bodyフォームが表示される (FAILED - 10)\u001b[0m","\u001b[31m      bodyフォームに値が入っていない (FAILED - 11)\u001b[0m","\u001b[31m      Create Bookボタンが表示される (FAILED - 12)\u001b[0m","    投稿成功のテスト","\u001b[31m      自分の新しい投稿が正しく保存される (FAILED - 13)\u001b[0m","\u001b[31m      リダイレクト先が、保存できた投稿の詳細画面になっている (FAILED - 14)\u001b[0m","  自分の投稿詳細画面のテスト","    表示内容の確認","\u001b[32m      URLが正しい\u001b[0m","\u001b[31m      「Book detail」と表示される (FAILED - 15)\u001b[0m","\u001b[31m      ユーザ画像・名前のリンク先が正しい (FAILED - 16)\u001b[0m","\u001b[32m      投稿のtitleが表示される\u001b[0m","\u001b[32m      投稿のbodyが表示される\u001b[0m","\u001b[31m      投稿の編集リンクが表示される (FAILED - 17)\u001b[0m","\u001b[31m      投稿の削除リンクが表示される (FAILED - 18)\u001b[0m","    サイドバーの確認","\u001b[31m      自分の名前と紹介文が表示される (FAILED - 19)\u001b[0m","\u001b[31m      自分のユーザ編集画面へのリンクが存在する (FAILED - 20)\u001b[0m","\u001b[31m      「New book」と表示される (FAILED - 21)\u001b[0m","\u001b[31m      titleフォームが表示される (FAILED - 22)\u001b[0m","\u001b[31m      titleフォームに値が入っていない (FAILED - 23)\u001b[0m","\u001b[31m      bodyフォームが表示される (FAILED - 24)\u001b[0m","\u001b[31m      bodyフォームに値が入っていない (FAILED - 25)\u001b[0m","\u001b[31m      Create Bookボタンが表示される (FAILED - 26)\u001b[0m","    投稿成功のテスト","\u001b[31m      自分の新しい投稿が正しく保存される (FAILED - 27)\u001b[0m","    編集リンクのテスト","\u001b[31m      編集画面に遷移する (FAILED - 28)\u001b[0m","    削除リンクのテスト","\u001b[31m      application.html.erbにjavascript_pack_tagを含んでいる (FAILED - 29)\u001b[0m","\u001b[31m      正しく削除される (FAILED - 30)\u001b[0m","\u001b[31m      リダイレクト先が、投稿一覧画面になっている (FAILED - 31)\u001b[0m","  自分の投稿編集画面のテスト","    表示の確認","\u001b[32m      URLが正しい\u001b[0m","\u001b[31m      「Editing Book」と表示される (FAILED - 32)\u001b[0m","\u001b[31m      title編集フォームが表示される (FAILED - 33)\u001b[0m","\u001b[31m      body編集フォームが表示される (FAILED - 34)\u001b[0m","\u001b[31m      Update Bookボタンが表示される (FAILED - 35)\u001b[0m","\u001b[31m      Showリンクが表示される (FAILED - 36)\u001b[0m","\u001b[31m      Backリンクが表示される (FAILED - 37)\u001b[0m","    編集成功のテスト","\u001b[31m      titleが正しく更新される (FAILED - 38)\u001b[0m","\u001b[31m      bodyが正しく更新される (FAILED - 39)\u001b[0m","\u001b[31m      リダイレクト先が、更新した投稿の詳細画面になっている (FAILED - 40)\u001b[0m","  ユーザ一覧画面のテスト","    表示内容の確認","\u001b[32m      URLが正しい\u001b[0m","\u001b[32m      自分と他人の画像が表示される: fallbackの画像がサイドバーの1つ＋一覧(2人)の2つの計3つ存在する\u001b[0m","\u001b[32m      自分と他人の名前がそれぞれ表示される\u001b[0m","\u001b[32m      自分と他人のshowリンクがそれぞれ表示される\u001b[0m","    サイドバーの確認","\u001b[32m      自分の名前と紹介文が表示される\u001b[0m","\u001b[32m      自分のユーザ編集画面へのリンクが存在する\u001b[0m","\u001b[31m      「New book」と表示される (FAILED - 41)\u001b[0m","\u001b[32m      titleフォームが表示される\u001b[0m","\u001b[32m      titleフォームに値が入っていない\u001b[0m","\u001b[32m      bodyフォームが表示される\u001b[0m","\u001b[32m      bodyフォームに値が入っていない\u001b[0m","\u001b[32m      Create Bookボタンが表示される\u001b[0m","  自分のユーザ詳細画面のテスト","    表示の確認","\u001b[32m      URLが正しい\u001b[0m","\u001b[31m      投稿一覧のユーザ画像のリンク先が正しい (FAILED - 42)\u001b[0m","\u001b[32m      投稿一覧に自分の投稿のtitleが表示され、リンクが正しい\u001b[0m","\u001b[32m      投稿一覧に自分の投稿のbodyが表示される\u001b[0m","\u001b[32m      他人の投稿は表示されない\u001b[0m","    サイドバーの確認","\u001b[32m      自分の名前と紹介文が表示される\u001b[0m","\u001b[32m      自分のユーザ編集画面へのリンクが存在する\u001b[0m","\u001b[32m      「New book」と表示される\u001b[0m","\u001b[31m      titleフォームが表示される (FAILED - 43)\u001b[0m","\u001b[31m      titleフォームに値が入っていない (FAILED - 44)\u001b[0m","\u001b[31m      bodyフォームが表示される (FAILED - 45)\u001b[0m","\u001b[31m      bodyフォームに値が入っていない (FAILED - 46)\u001b[0m","\u001b[31m      Create Bookボタンが表示される (FAILED - 47)\u001b[0m","  自分のユーザ情報編集画面のテスト","    表示の確認","\u001b[32m      URLが正しい\u001b[0m","\u001b[32m      名前編集フォームに自分の名前が表示される\u001b[0m","\u001b[32m      画像編集フォームが表示される\u001b[0m","\u001b[32m      自己紹介編集フォームに自分の自己紹介文が表示される\u001b[0m","\u001b[32m      Update Userボタンが表示される\u001b[0m","    更新成功のテスト","\u001b[32m      nameが正しく更新される\u001b[0m","\u001b[32m      introductionが正しく更新される\u001b[0m","\u001b[32m      リダイレクト先が、自分のユーザ詳細画面になっている\u001b[0m","","[STEP3] 仕上げのテスト","  サクセスメッセージのテスト","\u001b[32m    ユーザ新規登録成功時\u001b[0m","\u001b[32m    ユーザログイン成功時\u001b[0m","\u001b[32m    ユーザログアウト成功時\u001b[0m","\u001b[32m    ユーザのプロフィール情報更新成功時\u001b[0m","\u001b[31m    投稿データの新規投稿成功時: 投稿一覧画面から行います。 (FAILED - 48)\u001b[0m","\u001b[31m    投稿データの更新成功時 (FAILED - 49)\u001b[0m","  処理失敗時のテスト","    ユーザ新規登録失敗: nameを1文字にする","\u001b[32m      新規登録されない\u001b[0m","\u001b[32m      新規登録画面を表示しており、フォームの内容が正しい\u001b[0m","\u001b[32m      バリデーションエラーが表示される\u001b[0m","    ユーザのプロフィール情報編集失敗: nameを1文字にする","\u001b[31m      更新されない (FAILED - 50)\u001b[0m","\u001b[31m      ユーザ編集画面を表示しており、フォームの内容が正しい (FAILED - 51)\u001b[0m","\u001b[31m      バリデーションエラーが表示される (FAILED - 52)\u001b[0m","    投稿データの新規投稿失敗: 投稿一覧画面から行い、titleを空にする","\u001b[31m      投稿が保存されない (FAILED - 53)\u001b[0m","\u001b[31m      投稿一覧画面を表示している (FAILED - 54)\u001b[0m","\u001b[31m      新規投稿フォームの内容が正しい (FAILED - 55)\u001b[0m","\u001b[31m      バリデーションエラーが表示される (FAILED - 56)\u001b[0m","    投稿データの更新失敗: titleを空にする","\u001b[31m      投稿が更新されない (FAILED - 57)\u001b[0m","\u001b[31m      投稿編集画面を表示しており、フォームの内容が正しい (FAILED - 58)\u001b[0m","\u001b[31m      エラーメッセージが表示される (FAILED - 59)\u001b[0m","  ログインしていない場合のアクセス制限のテスト: アクセスできず、ログイン画面に遷移する","\u001b[31m    ユーザ一覧画面 (FAILED - 60)\u001b[0m","\u001b[31m    ユーザ詳細画面 (FAILED - 61)\u001b[0m","\u001b[31m    ユーザ情報編集画面 (FAILED - 62)\u001b[0m","\u001b[31m    投稿一覧画面 (FAILED - 63)\u001b[0m","\u001b[31m    投稿詳細画面 (FAILED - 64)\u001b[0m","\u001b[31m    投稿編集画面 (FAILED - 65)\u001b[0m","  他人の画面のテスト","    他人の投稿詳細画面のテスト","      表示内容の確認","\u001b[32m        URLが正しい\u001b[0m","\u001b[31m        「Book detail」と表示される (FAILED - 66)\u001b[0m","\u001b[31m        ユーザ画像・名前のリンク先が正しい (FAILED - 67)\u001b[0m","\u001b[32m        投稿のtitleが表示される\u001b[0m","\u001b[32m        投稿のopinionが表示される\u001b[0m","\u001b[32m        投稿の編集リンクが表示されない\u001b[0m","\u001b[32m        投稿の削除リンクが表示されない\u001b[0m","      サイドバーの確認","\u001b[31m        他人の名前と紹介文が表示される (FAILED - 68)\u001b[0m","\u001b[31m        他人のユーザ編集画面へのリンクが存在する (FAILED - 69)\u001b[0m","\u001b[32m        自分の名前と紹介文は表示されない\u001b[0m","\u001b[32m        自分のユーザ編集画面へのリンクは存在しない\u001b[0m","    他人の投稿編集画面","\u001b[31m      遷移できず、投稿一覧画面にリダイレクトされる (FAILED - 70)\u001b[0m","    他人のユーザ詳細画面のテスト","      表示の確認","\u001b[32m        URLが正しい\u001b[0m","\u001b[31m        投稿一覧のユーザ画像のリンク先が正しい (FAILED - 71)\u001b[0m","\u001b[32m        投稿一覧に他人の投稿のtitleが表示され、リンクが正しい\u001b[0m","\u001b[32m        投稿一覧に他人の投稿のopinionが表示される\u001b[0m","\u001b[32m        自分の投稿は表示されない\u001b[0m","      サイドバーの確認","\u001b[32m        他人の名前と紹介文が表示される\u001b[0m","\u001b[32m        他人のユーザ編集画面へのリンクが存在する\u001b[0m","\u001b[32m        自分の名前と紹介文は表示されない\u001b[0m","\u001b[32m        自分のユーザ編集画面へのリンクは存在しない\u001b[0m","    他人のユーザ情報編集画面","\u001b[31m      遷移できず、自分のユーザ詳細画面にリダイレクトされる (FAILED - 72)\u001b[0m","  グリッドシステムのテスト: container, row, col-md-〇を正しく使えている","\u001b[31m    ユーザ一覧画面 (FAILED - 73)\u001b[0m","\u001b[31m    ユーザ詳細画面 (FAILED - 74)\u001b[0m","\u001b[31m    投稿一覧画面 (FAILED - 75)\u001b[0m","\u001b[31m    投稿詳細画面 (FAILED - 76)\u001b[0m","  アイコンのテスト","    トップ画面","\u001b[32m      本のアイコンが表示される\u001b[0m","    アバウト画面","\u001b[32m      本のアイコンが表示される\u001b[0m","    ヘッダー: ログインしていない場合","\u001b[32m      Homeリンクのアイコンが表示される\u001b[0m","\u001b[32m      Aboutリンクのアイコンが表示される\u001b[0m","\u001b[32m      Sign upリンクのアイコンが表示される\u001b[0m","\u001b[32m      Log inリンクのアイコンが表示される\u001b[0m","    ヘッダー: ログインしている場合","\u001b[32m      Homeリンクのアイコンが表示される\u001b[0m","\u001b[32m      Usersリンクのアイコンが表示される\u001b[0m","\u001b[32m      Booksリンクのアイコンが表示される\u001b[0m","\u001b[31m      Log outリンクのアイコンが表示される (FAILED - 77)\u001b[0m","    サイドバー","\u001b[32m      ユーザ一覧画面でレンチアイコンが表示される\u001b[0m","\u001b[32m      ユーザ詳細画面でレンチアイコンが表示される\u001b[0m","\u001b[31m      投稿一覧画面でレンチアイコンが表示される (FAILED - 78)\u001b[0m","\u001b[31m      投稿詳細画面でレンチアイコンが表示される (FAILED - 79)\u001b[0m","","Failures:","","  1) [STEP2] ユーザログイン後のテスト ヘッダーのテスト: ログインしている場合 リンクの内容を確認: ※logoutは『ユーザログアウトのテスト』でテスト済みになります。 Homeを押すと、自分のユーザ詳細画面に遷移する","     \u001b[31mFailure/Error: is_expected.to eq '/users/' + user.id.to_s\u001b[0m","     \u001b[31m\u001b[0m","     \u001b[31m  expected: \"/users/1\"\u001b[0m","     \u001b[31m       got: \"/\"\u001b[0m","     \u001b[31m\u001b[0m","     \u001b[31m  (compared using ==)\u001b[0m","     \u001b[36m# ./spec/system/02_after_login_spec.rb:24:in `block (4 levels) in <main>'\u001b[0m","","  2) [STEP2] ユーザログイン後のテスト 投稿一覧画面のテスト 表示内容の確認 自分と他人の画像のリンク先が正しい","     \u001b[31mFailure/Error: expect(page).to have_link '', href: user_path(book.user)\u001b[0m","     \u001b[31m  expected to find link \"\" with href \"/users/1\" but there were no matches\u001b[0m","     \u001b[36m# ./spec/system/02_after_login_spec.rb:51:in `block (4 levels) in <main>'\u001b[0m","","  3) [STEP2] ユーザログイン後のテスト 投稿一覧画面のテスト 表示内容の確認 自分の投稿と他人の投稿のタイトルのリンク先がそれぞれ正しい","     \u001b[31mFailure/Error: expect(page).to have_link book.title, href: book_path(book)\u001b[0m","     \u001b[31m  expected to find link \"ufp5a\" with href \"/books/1\" but there were no matches\u001b[0m","     \u001b[36m# ./spec/system/02_after_login_spec.rb:55:in `block (4 levels) in <main>'\u001b[0m","","  4) [STEP2] ユーザログイン後のテスト 投稿一覧画面のテスト 表示内容の確認 自分の投稿と他人の投稿のオピニオンが表示される","     \u001b[31mFailure/Error: expect(page).to have_content book.body\u001b[0m","     \u001b[31m  expected to find text \"jg61nbh1jaxmu58fi19s\" in \"Bookers\\nHome Users Books Log out\\nBooks#index\\nFind me in app/views/books/index.html.erb\\nCopyRight Infratop.inc\"\u001b[0m","     \u001b[36m# ./spec/system/02_after_login_spec.rb:59:in `block (4 levels) in <main>'\u001b[0m","","  5) [STEP2] ユーザログイン後のテスト 投稿一覧画面のテスト サイドバーの確認 自分の名前と紹介文が表示される","     \u001b[31mFailure/Error: expect(page).to have_content user.name\u001b[0m","     \u001b[31m  expected to find text \"gcpt7sk606\" in \"Bookers\\nHome Users Books Log out\\nBooks#index\\nFind me in app/views/books/index.html.erb\\nCopyRight Infratop.inc\"\u001b[0m","     \u001b[36m# ./spec/system/02_after_login_spec.rb:66:in `block (4 levels) in <main>'\u001b[0m","","  6) [STEP2] ユーザログイン後のテスト 投稿一覧画面のテスト サイドバーの確認 自分のユーザ編集画面へのリンクが存在する","     \u001b[31mFailure/Error: expect(page).to have_link '', href: edit_user_path(user)\u001b[0m","     \u001b[31m  expected to find link \"\" with href \"/users/1/edit\" but there were no matches\u001b[0m","     \u001b[36m# ./spec/system/02_after_login_spec.rb:70:in `block (4 levels) in <main>'\u001b[0m","","  7) [STEP2] ユーザログイン後のテスト 投稿一覧画面のテスト サイドバーの確認 「New book」と表示される","     \u001b[31mFailure/Error: expect(page).to have_content 'New book'\u001b[0m","     \u001b[31m  expected to find text \"New book\" in \"Bookers\\nHome Users Books Log out\\nBooks#index\\nFind me in app/views/books/index.html.erb\\nCopyRight Infratop.inc\"\u001b[0m","     \u001b[36m# ./spec/system/02_after_login_spec.rb:73:in `block (4 levels) in <main>'\u001b[0m","","  8) [STEP2] ユーザログイン後のテスト 投稿一覧画面のテスト サイドバーの確認 titleフォームが表示される","     \u001b[31mFailure/Error: expect(page).to have_field 'book[title]'\u001b[0m","     \u001b[31m  expected to find field \"book[title]\" that is not disabled but there were no matches\u001b[0m","     \u001b[36m# ./spec/system/02_after_login_spec.rb:76:in `block (4 levels) in <main>'\u001b[0m","","  9) [STEP2] ユーザログイン後のテスト 投稿一覧画面のテスト サイドバーの確認 titleフォームに値が入っていない","     \u001b[31mFailure/Error: expect(find_field('book[title]').text).to be_blank\u001b[0m","     \u001b[31m\u001b[0m","     \u001b[31mCapybara::ElementNotFound:\u001b[0m","     \u001b[31m  Unable to find field \"book[title]\" that is not disabled\u001b[0m","     \u001b[36m# /home/ec2-user/.rvm/gems/ruby-3.1.2/gems/capybara-3.39.2/lib/capybara/node/finders.rb:312:in `block in synced_resolve'\u001b[0m","     \u001b[36m# /home/ec2-user/.rvm/gems/ruby-3.1.2/gems/capybara-3.39.2/lib/capybara/node/base.rb:84:in `synchronize'\u001b[0m","     \u001b[36m# /home/ec2-user/.rvm/gems/ruby-3.1.2/gems/capybara-3.39.2/lib/capybara/node/finders.rb:301:in `synced_resolve'\u001b[0m","     \u001b[36m# /home/ec2-user/.rvm/gems/ruby-3.1.2/gems/capybara-3.39.2/lib/capybara/node/finders.rb:60:in `find'\u001b[0m","     \u001b[36m# /home/ec2-user/.rvm/gems/ruby-3.1.2/gems/capybara-3.39.2/lib/capybara/node/finders.rb:136:in `find_field'\u001b[0m","     \u001b[36m# /home/ec2-user/.rvm/gems/ruby-3.1.2/gems/capybara-3.39.2/lib/capybara/session.rb:773:in `find_field'\u001b[0m","     \u001b[36m# /home/ec2-user/.rvm/gems/ruby-3.1.2/gems/capybara-3.39.2/lib/capybara/dsl.rb:52:in `call'\u001b[0m","     \u001b[36m# /home/ec2-user/.rvm/gems/ruby-3.1.2/gems/capybara-3.39.2/lib/capybara/dsl.rb:52:in `find_field'\u001b[0m","     \u001b[36m# ./spec/system/02_after_login_spec.rb:79:in `block (4 levels) in <main>'\u001b[0m","","  10) [STEP2] ユーザログイン後のテスト 投稿一覧画面のテスト サイドバーの確認 bodyフォームが表示される","      \u001b[31mFailure/Error: expect(page).to have_field 'book[body]'\u001b[0m","      \u001b[31m  expected to find field \"book[body]\" that is not disabled but there were no matches\u001b[0m","      \u001b[36m# ./spec/system/02_after_login_spec.rb:82:in `block (4 levels) in <main>'\u001b[0m","","  11) [STEP2] ユーザログイン後のテスト 投稿一覧画面のテスト サイドバーの確認 bodyフォームに値が入っていない","      \u001b[31mFailure/Error: expect(find_field('book[body]').text).to be_blank\u001b[0m","      \u001b[31m\u001b[0m","      \u001b[31mCapybara::ElementNotFound:\u001b[0m","      \u001b[31m  Unable to find field \"book[body]\" that is not disabled\u001b[0m","      \u001b[36m# /home/ec2-user/.rvm/gems/ruby-3.1.2/gems/capybara-3.39.2/lib/capybara/node/finders.rb:312:in `block in synced_resolve'\u001b[0m","      \u001b[36m# /home/ec2-user/.rvm/gems/ruby-3.1.2/gems/capybara-3.39.2/lib/capybara/node/base.rb:84:in `synchronize'\u001b[0m","      \u001b[36m# /home/ec2-user/.rvm/gems/ruby-3.1.2/gems/capybara-3.39.2/lib/capybara/node/finders.rb:301:in `synced_resolve'\u001b[0m","      \u001b[36m# /home/ec2-user/.rvm/gems/ruby-3.1.2/gems/capybara-3.39.2/lib/capybara/node/finders.rb:60:in `find'\u001b[0m","      \u001b[36m# /home/ec2-user/.rvm/gems/ruby-3.1.2/gems/capybara-3.39.2/lib/capybara/node/finders.rb:136:in `find_field'\u001b[0m","      \u001b[36m# /home/ec2-user/.rvm/gems/ruby-3.1.2/gems/capybara-3.39.2/lib/capybara/session.rb:773:in `find_field'\u001b[0m","      \u001b[36m# /home/ec2-user/.rvm/gems/ruby-3.1.2/gems/capybara-3.39.2/lib/capybara/dsl.rb:52:in `call'\u001b[0m","      \u001b[36m# /home/ec2-user/.rvm/gems/ruby-3.1.2/gems/capybara-3.39.2/lib/capybara/dsl.rb:52:in `find_field'\u001b[0m","      \u001b[36m# ./spec/system/02_after_login_spec.rb:85:in `block (4 levels) in <main>'\u001b[0m","","  12) [STEP2] ユーザログイン後のテスト 投稿一覧画面のテスト サイドバーの確認 Create Bookボタンが表示される","      \u001b[31mFailure/Error: expect(page).to have_button 'Create Book'\u001b[0m","      \u001b[31m  expected to find button \"Create Book\" that is not disabled but there were no matches\u001b[0m","      \u001b[36m# ./spec/system/02_after_login_spec.rb:88:in `block (4 levels) in <main>'\u001b[0m","","  13) [STEP2] ユーザログイン後のテスト 投稿一覧画面のテスト 投稿成功のテスト 自分の新しい投稿が正しく保存される","      \u001b[31mFailure/Error: fill_in 'book[title]', with: Faker::Lorem.characters(number: 5)\u001b[0m","      \u001b[31m\u001b[0m","      \u001b[31mCapybara::ElementNotFound:\u001b[0m","      \u001b[31m  Unable to find field \"book[title]\" that is not disabled\u001b[0m","      \u001b[36m# /home/ec2-user/.rvm/gems/ruby-3.1.2/gems/capybara-3.39.2/lib/capybara/node/finders.rb:312:in `block in synced_resolve'\u001b[0m","      \u001b[36m# /home/ec2-user/.rvm/gems/ruby-3.1.2/gems/capybara-3.39.2/lib/capybara/node/base.rb:84:in `synchronize'\u001b[0m","      \u001b[36m# /home/ec2-user/.rvm/gems/ruby-3.1.2/gems/capybara-3.39.2/lib/capybara/node/finders.rb:301:in `synced_resolve'\u001b[0m","      \u001b[36m# /home/ec2-user/.rvm/gems/ruby-3.1.2/gems/capybara-3.39.2/lib/capybara/node/finders.rb:60:in `find'\u001b[0m","      \u001b[36m# /home/ec2-user/.rvm/gems/ruby-3.1.2/gems/capybara-3.39.2/lib/capybara/node/actions.rb:91:in `fill_in'\u001b[0m","      \u001b[36m# /home/ec2-user/.rvm/gems/ruby-3.1.2/gems/capybara-3.39.2/lib/capybara/session.rb:773:in `fill_in'\u001b[0m","      \u001b[36m# /home/ec2-user/.rvm/gems/ruby-3.1.2/gems/capybara-3.39.2/lib/capybara/dsl.rb:52:in `call'\u001b[0m","      \u001b[36m# /home/ec2-user/.rvm/gems/ruby-3.1.2/gems/capybara-3.39.2/lib/capybara/dsl.rb:52:in `fill_in'\u001b[0m","      \u001b[36m# ./spec/system/02_after_login_spec.rb:94:in `block (4 levels) in <main>'\u001b[0m","","  14) [STEP2] ユーザログイン後のテスト 投稿一覧画面のテスト 投稿成功のテスト リダイレクト先が、保存できた投稿の詳細画面になっている","      \u001b[31mFailure/Error: fill_in 'book[title]', with: Faker::Lorem.characters(number: 5)\u001b[0m","      \u001b[31m\u001b[0m","      \u001b[31mCapybara::ElementNotFound:\u001b[0m","      \u001b[31m  Unable to find field \"book[title]\" that is not disabled\u001b[0m","      \u001b[36m# /home/ec2-user/.rvm/gems/ruby-3.1.2/gems/capybara-3.39.2/lib/capybara/node/finders.rb:312:in `block in synced_resolve'\u001b[0m","      \u001b[36m# /home/ec2-user/.rvm/gems/ruby-3.1.2/gems/capybara-3.39.2/lib/capybara/node/base.rb:84:in `synchronize'\u001b[0m","      \u001b[36m# /home/ec2-user/.rvm/gems/ruby-3.1.2/gems/capybara-3.39.2/lib/capybara/node/finders.rb:301:in `synced_resolve'\u001b[0m","      \u001b[36m# /home/ec2-user/.rvm/gems/ruby-3.1.2/gems/capybara-3.39.2/lib/capybara/node/finders.rb:60:in `find'\u001b[0m","      \u001b[36m# /home/ec2-user/.rvm/gems/ruby-3.1.2/gems/capybara-3.39.2/lib/capybara/node/actions.rb:91:in `fill_in'\u001b[0m","      \u001b[36m# /home/ec2-user/.rvm/gems/ruby-3.1.2/gems/capybara-3.39.2/lib/capybara/session.rb:773:in `fill_in'\u001b[0m","      \u001b[36m# /home/ec2-user/.rvm/gems/ruby-3.1.2/gems/capybara-3.39.2/lib/capybara/dsl.rb:52:in `call'\u001b[0m","      \u001b[36m# /home/ec2-user/.rvm/gems/ruby-3.1.2/gems/capybara-3.39.2/lib/capybara/dsl.rb:52:in `fill_in'\u001b[0m","      \u001b[36m# ./spec/system/02_after_login_spec.rb:94:in `block (4 levels) in <main>'\u001b[0m","","  15) [STEP2] ユーザログイン後のテスト 自分の投稿詳細画面のテスト 表示内容の確認 「Book detail」と表示される","      \u001b[31mFailure/Error: expect(page).to have_content 'Book detail'\u001b[0m","      \u001b[31m  expected to find text \"Book detail\" in \"Bookers\\nHome Users Books Log out\\nTitle: cty13\\nBody: vs68xtiyorqn2unq4tcg\\nCopyRight Infratop.inc\"\u001b[0m","      \u001b[36m# ./spec/system/02_after_login_spec.rb:118:in `block (4 levels) in <main>'\u001b[0m","","  16) [STEP2] ユーザログイン後のテスト 自分の投稿詳細画面のテスト 表示内容の確認 ユーザ画像・名前のリンク先が正しい","      \u001b[31mFailure/Error: expect(page).to have_link book.user.name, href: user_path(book.user)\u001b[0m","      \u001b[31m  expected to find link \"lzq3t948hq\" with href \"/users/1\" but there were no matches\u001b[0m","      \u001b[36m# ./spec/system/02_after_login_spec.rb:121:in `block (4 levels) in <main>'\u001b[0m","","  17) [STEP2] ユーザログイン後のテスト 自分の投稿詳細画面のテスト 表示内容の確認 投稿の編集リンクが表示される","      \u001b[31mFailure/Error: expect(page).to have_link 'Edit', href: edit_book_path(book)\u001b[0m","      \u001b[31m  expected to find link \"Edit\" with href \"/books/1/edit\" but there were no matches\u001b[0m","      \u001b[36m# ./spec/system/02_after_login_spec.rb:130:in `block (4 levels) in <main>'\u001b[0m","","  18) [STEP2] ユーザログイン後のテスト 自分の投稿詳細画面のテスト 表示内容の確認 投稿の削除リンクが表示される","      \u001b[31mFailure/Error: expect(page).to have_link 'Destroy', href: book_path(book)\u001b[0m","      \u001b[31m  expected to find link \"Destroy\" with href \"/books/1\" but there were no matches\u001b[0m","      \u001b[36m# ./spec/system/02_after_login_spec.rb:133:in `block (4 levels) in <main>'\u001b[0m","","  19) [STEP2] ユーザログイン後のテスト 自分の投稿詳細画面のテスト サイドバーの確認 自分の名前と紹介文が表示される","      \u001b[31mFailure/Error: expect(page).to have_content user.name\u001b[0m","      \u001b[31m  expected to find text \"n4zwnrt0g0\" in \"Bookers\\nHome Users Books Log out\\nTitle: 5gytt\\nBody: 5kv2ldzf37nj2er8uarh\\nCopyRight Infratop.inc\"\u001b[0m","      \u001b[36m# ./spec/system/02_after_login_spec.rb:139:in `block (4 levels) in <main>'\u001b[0m","","  20) [STEP2] ユーザログイン後のテスト 自分の投稿詳細画面のテスト サイドバーの確認 自分のユーザ編集画面へのリンクが存在する","      \u001b[31mFailure/Error: expect(page).to have_link '', href: edit_user_path(user)\u001b[0m","      \u001b[31m  expected to find link \"\" with href \"/users/1/edit\" but there were no matches\u001b[0m","      \u001b[36m# ./spec/system/02_after_login_spec.rb:143:in `block (4 levels) in <main>'\u001b[0m","","  21) [STEP2] ユーザログイン後のテスト 自分の投稿詳細画面のテスト サイドバーの確認 「New book」と表示される","      \u001b[31mFailure/Error: expect(page).to have_content 'New book'\u001b[0m","      \u001b[31m  expected to find text \"New book\" in \"Bookers\\nHome Users Books Log out\\nTitle: 94lne\\nBody: l9mjrfwzeao3pb2wevj6\\nCopyRight Infratop.inc\"\u001b[0m","      \u001b[36m# ./spec/system/02_after_login_spec.rb:146:in `block (4 levels) in <main>'\u001b[0m","","  22) [STEP2] ユーザログイン後のテスト 自分の投稿詳細画面のテスト サイドバーの確認 titleフォームが表示される","      \u001b[31mFailure/Error: expect(page).to have_field 'book[title]'\u001b[0m","      \u001b[31m  expected to find field \"book[title]\" that is not disabled but there were no matches\u001b[0m","      \u001b[36m# ./spec/system/02_after_login_spec.rb:149:in `block (4 levels) in <main>'\u001b[0m","","  23) [STEP2] ユーザログイン後のテスト 自分の投稿詳細画面のテスト サイドバーの確認 titleフォームに値が入っていない","      \u001b[31mFailure/Error: expect(find_field('book[title]').text).to be_blank\u001b[0m","      \u001b[31m\u001b[0m","      \u001b[31mCapybara::ElementNotFound:\u001b[0m","      \u001b[31m  Unable to find field \"book[title]\" that is not disabled\u001b[0m","      \u001b[36m# /home/ec2-user/.rvm/gems/ruby-3.1.2/gems/capybara-3.39.2/lib/capybara/node/finders.rb:312:in `block in synced_resolve'\u001b[0m","      \u001b[36m# /home/ec2-user/.rvm/gems/ruby-3.1.2/gems/capybara-3.39.2/lib/capybara/node/base.rb:84:in `synchronize'\u001b[0m","      \u001b[36m# /home/ec2-user/.rvm/gems/ruby-3.1.2/gems/capybara-3.39.2/lib/capybara/node/finders.rb:301:in `synced_resolve'\u001b[0m","      \u001b[36m# /home/ec2-user/.rvm/gems/ruby-3.1.2/gems/capybara-3.39.2/lib/capybara/node/finders.rb:60:in `find'\u001b[0m","      \u001b[36m# /home/ec2-user/.rvm/gems/ruby-3.1.2/gems/capybara-3.39.2/lib/capybara/node/finders.rb:136:in `find_field'\u001b[0m","      \u001b[36m# /home/ec2-user/.rvm/gems/ruby-3.1.2/gems/capybara-3.39.2/lib/capybara/session.rb:773:in `find_field'\u001b[0m","      \u001b[36m# /home/ec2-user/.rvm/gems/ruby-3.1.2/gems/capybara-3.39.2/lib/capybara/dsl.rb:52:in `call'\u001b[0m","      \u001b[36m# /home/ec2-user/.rvm/gems/ruby-3.1.2/gems/capybara-3.39.2/lib/capybara/dsl.rb:52:in `find_field'\u001b[0m","      \u001b[36m# ./spec/system/02_after_login_spec.rb:152:in `block (4 levels) in <main>'\u001b[0m","","  24) [STEP2] ユーザログイン後のテスト 自分の投稿詳細画面のテスト サイドバーの確認 bodyフォームが表示される","      \u001b[31mFailure/Error: expect(page).to have_field 'book[body]'\u001b[0m","      \u001b[31m  expected to find field \"book[body]\" that is not disabled but there were no matches\u001b[0m","      \u001b[36m# ./spec/system/02_after_login_spec.rb:155:in `block (4 levels) in <main>'\u001b[0m","","  25) [STEP2] ユーザログイン後のテスト 自分の投稿詳細画面のテスト サイドバーの確認 bodyフォームに値が入っていない","      \u001b[31mFailure/Error: expect(find_field('book[body]').text).to be_blank\u001b[0m","      \u001b[31m\u001b[0m","      \u001b[31mCapybara::ElementNotFound:\u001b[0m","      \u001b[31m  Unable to find field \"book[body]\" that is not disabled\u001b[0m","      \u001b[36m# /home/ec2-user/.rvm/gems/ruby-3.1.2/gems/capybara-3.39.2/lib/capybara/node/finders.rb:312:in `block in synced_resolve'\u001b[0m","      \u001b[36m# /home/ec2-user/.rvm/gems/ruby-3.1.2/gems/capybara-3.39.2/lib/capybara/node/base.rb:84:in `synchronize'\u001b[0m","      \u001b[36m# /home/ec2-user/.rvm/gems/ruby-3.1.2/gems/capybara-3.39.2/lib/capybara/node/finders.rb:301:in `synced_resolve'\u001b[0m","      \u001b[36m# /home/ec2-user/.rvm/gems/ruby-3.1.2/gems/capybara-3.39.2/lib/capybara/node/finders.rb:60:in `find'\u001b[0m","      \u001b[36m# /home/ec2-user/.rvm/gems/ruby-3.1.2/gems/capybara-3.39.2/lib/capybara/node/finders.rb:136:in `find_field'\u001b[0m","      \u001b[36m# /home/ec2-user/.rvm/gems/ruby-3.1.2/gems/capybara-3.39.2/lib/capybara/session.rb:773:in `find_field'\u001b[0m","      \u001b[36m# /home/ec2-user/.rvm/gems/ruby-3.1.2/gems/capybara-3.39.2/lib/capybara/dsl.rb:52:in `call'\u001b[0m","      \u001b[36m# /home/ec2-user/.rvm/gems/ruby-3.1.2/gems/capybara-3.39.2/lib/capybara/dsl.rb:52:in `find_field'\u001b[0m","      \u001b[36m# ./spec/system/02_after_login_spec.rb:158:in `block (4 levels) in <main>'\u001b[0m","","  26) [STEP2] ユーザログイン後のテスト 自分の投稿詳細画面のテスト サイドバーの確認 Create Bookボタンが表示される","      \u001b[31mFailure/Error: expect(page).to have_button 'Create Book'\u001b[0m","      \u001b[31m  expected to find button \"Create Book\" that is not disabled but there were no matches\u001b[0m","      \u001b[36m# ./spec/system/02_after_login_spec.rb:161:in `block (4 levels) in <main>'\u001b[0m","","  27) [STEP2] ユーザログイン後のテスト 自分の投稿詳細画面のテスト 投稿成功のテスト 自分の新しい投稿が正しく保存される","      \u001b[31mFailure/Error: fill_in 'book[title]', with: Faker::Lorem.characters(number: 5)\u001b[0m","      \u001b[31m\u001b[0m","      \u001b[31mCapybara::ElementNotFound:\u001b[0m","      \u001b[31m  Unable to find field \"book[title]\" that is not disabled\u001b[0m","      \u001b[36m# /home/ec2-user/.rvm/gems/ruby-3.1.2/gems/capybara-3.39.2/lib/capybara/node/finders.rb:312:in `block in synced_resolve'\u001b[0m","      \u001b[36m# /home/ec2-user/.rvm/gems/ruby-3.1.2/gems/capybara-3.39.2/lib/capybara/node/base.rb:84:in `synchronize'\u001b[0m","      \u001b[36m# /home/ec2-user/.rvm/gems/ruby-3.1.2/gems/capybara-3.39.2/lib/capybara/node/finders.rb:301:in `synced_resolve'\u001b[0m","      \u001b[36m# /home/ec2-user/.rvm/gems/ruby-3.1.2/gems/capybara-3.39.2/lib/capybara/node/finders.rb:60:in `find'\u001b[0m","      \u001b[36m# /home/ec2-user/.rvm/gems/ruby-3.1.2/gems/capybara-3.39.2/lib/capybara/node/actions.rb:91:in `fill_in'\u001b[0m","      \u001b[36m# /home/ec2-user/.rvm/gems/ruby-3.1.2/gems/capybara-3.39.2/lib/capybara/session.rb:773:in `fill_in'\u001b[0m","      \u001b[36m# /home/ec2-user/.rvm/gems/ruby-3.1.2/gems/capybara-3.39.2/lib/capybara/dsl.rb:52:in `call'\u001b[0m","      \u001b[36m# /home/ec2-user/.rvm/gems/ruby-3.1.2/gems/capybara-3.39.2/lib/capybara/dsl.rb:52:in `fill_in'\u001b[0m","      \u001b[36m# ./spec/system/02_after_login_spec.rb:167:in `block (4 levels) in <main>'\u001b[0m","","  28) [STEP2] ユーザログイン後のテスト 自分の投稿詳細画面のテスト 編集リンクのテスト 編集画面に遷移する","      \u001b[31mFailure/Error: click_link 'Edit'\u001b[0m","      \u001b[31m\u001b[0m","      \u001b[31mCapybara::ElementNotFound:\u001b[0m","      \u001b[31m  Unable to find link \"Edit\"\u001b[0m","      \u001b[36m# /home/ec2-user/.rvm/gems/ruby-3.1.2/gems/capybara-3.39.2/lib/capybara/node/finders.rb:312:in `block in synced_resolve'\u001b[0m","      \u001b[36m# /home/ec2-user/.rvm/gems/ruby-3.1.2/gems/capybara-3.39.2/lib/capybara/node/base.rb:84:in `synchronize'\u001b[0m","      \u001b[36m# /home/ec2-user/.rvm/gems/ruby-3.1.2/gems/capybara-3.39.2/lib/capybara/node/finders.rb:301:in `synced_resolve'\u001b[0m","      \u001b[36m# /home/ec2-user/.rvm/gems/ruby-3.1.2/gems/capybara-3.39.2/lib/capybara/node/finders.rb:60:in `find'\u001b[0m","      \u001b[36m# /home/ec2-user/.rvm/gems/ruby-3.1.2/gems/capybara-3.39.2/lib/capybara/node/actions.rb:42:in `click_link'\u001b[0m","      \u001b[36m# /home/ec2-user/.rvm/gems/ruby-3.1.2/gems/capybara-3.39.2/lib/capybara/session.rb:773:in `click_link'\u001b[0m","      \u001b[36m# /home/ec2-user/.rvm/gems/ruby-3.1.2/gems/capybara-3.39.2/lib/capybara/dsl.rb:52:in `call'\u001b[0m","      \u001b[36m# /home/ec2-user/.rvm/gems/ruby-3.1.2/gems/capybara-3.39.2/lib/capybara/dsl.rb:52:in `click_link'\u001b[0m","      \u001b[36m# ./spec/system/02_after_login_spec.rb:183:in `block (4 levels) in <main>'\u001b[0m","","  29) [STEP2] ユーザログイン後のテスト 自分の投稿詳細画面のテスト 削除リンクのテスト application.html.erbにjavascript_pack_tagを含んでいる","      \u001b[31mFailure/Error: click_link 'Destroy'\u001b[0m","      \u001b[31m\u001b[0m","      \u001b[31mCapybara::ElementNotFound:\u001b[0m","      \u001b[31m  Unable to find link \"Destroy\"\u001b[0m","      \u001b[36m# /home/ec2-user/.rvm/gems/ruby-3.1.2/gems/capybara-3.39.2/lib/capybara/node/finders.rb:312:in `block in synced_resolve'\u001b[0m","      \u001b[36m# /home/ec2-user/.rvm/gems/ruby-3.1.2/gems/capybara-3.39.2/lib/capybara/node/base.rb:84:in `synchronize'\u001b[0m","      \u001b[36m# /home/ec2-user/.rvm/gems/ruby-3.1.2/gems/capybara-3.39.2/lib/capybara/node/finders.rb:301:in `synced_resolve'\u001b[0m","      \u001b[36m# /home/ec2-user/.rvm/gems/ruby-3.1.2/gems/capybara-3.39.2/lib/capybara/node/finders.rb:60:in `find'\u001b[0m","      \u001b[36m# /home/ec2-user/.rvm/gems/ruby-3.1.2/gems/capybara-3.39.2/lib/capybara/node/actions.rb:42:in `click_link'\u001b[0m","      \u001b[36m# /home/ec2-user/.rvm/gems/ruby-3.1.2/gems/capybara-3.39.2/lib/capybara/session.rb:773:in `click_link'\u001b[0m","      \u001b[36m# /home/ec2-user/.rvm/gems/ruby-3.1.2/gems/capybara-3.39.2/lib/capybara/dsl.rb:52:in `call'\u001b[0m","      \u001b[36m# /home/ec2-user/.rvm/gems/ruby-3.1.2/gems/capybara-3.39.2/lib/capybara/dsl.rb:52:in `click_link'\u001b[0m","      \u001b[36m# ./spec/system/02_after_login_spec.rb:201:in `block (4 levels) in <main>'\u001b[0m","","  30) [STEP2] ユーザログイン後のテスト 自分の投稿詳細画面のテスト 削除リンクのテスト 正しく削除される","      \u001b[31mFailure/Error: click_link 'Destroy'\u001b[0m","      \u001b[31m\u001b[0m","      \u001b[31mCapybara::ElementNotFound:\u001b[0m","      \u001b[31m  Unable to find link \"Destroy\"\u001b[0m","      \u001b[36m# /home/ec2-user/.rvm/gems/ruby-3.1.2/gems/capybara-3.39.2/lib/capybara/node/finders.rb:312:in `block in synced_resolve'\u001b[0m","      \u001b[36m# /home/ec2-user/.rvm/gems/ruby-3.1.2/gems/capybara-3.39.2/lib/capybara/node/base.rb:84:in `synchronize'\u001b[0m","      \u001b[36m# /home/ec2-user/.rvm/gems/ruby-3.1.2/gems/capybara-3.39.2/lib/capybara/node/finders.rb:301:in `synced_resolve'\u001b[0m","      \u001b[36m# /home/ec2-user/.rvm/gems/ruby-3.1.2/gems/capybara-3.39.2/lib/capybara/node/finders.rb:60:in `find'\u001b[0m","      \u001b[36m# /home/ec2-user/.rvm/gems/ruby-3.1.2/gems/capybara-3.39.2/lib/capybara/node/actions.rb:42:in `click_link'\u001b[0m","      \u001b[36m# /home/ec2-user/.rvm/gems/ruby-3.1.2/gems/capybara-3.39.2/lib/capybara/session.rb:773:in `click_link'\u001b[0m","      \u001b[36m# /home/ec2-user/.rvm/gems/ruby-3.1.2/gems/capybara-3.39.2/lib/capybara/dsl.rb:52:in `call'\u001b[0m","      \u001b[36m# /home/ec2-user/.rvm/gems/ruby-3.1.2/gems/capybara-3.39.2/lib/capybara/dsl.rb:52:in `click_link'\u001b[0m","      \u001b[36m# ./spec/system/02_after_login_spec.rb:201:in `block (4 levels) in <main>'\u001b[0m","","  31) [STEP2] ユーザログイン後のテスト 自分の投稿詳細画面のテスト 削除リンクのテスト リダイレクト先が、投稿一覧画面になっている","      \u001b[31mFailure/Error: click_link 'Destroy'\u001b[0m","      \u001b[31m\u001b[0m","      \u001b[31mCapybara::ElementNotFound:\u001b[0m","      \u001b[31m  Unable to find link \"Destroy\"\u001b[0m","      \u001b[36m# /home/ec2-user/.rvm/gems/ruby-3.1.2/gems/capybara-3.39.2/lib/capybara/node/finders.rb:312:in `block in synced_resolve'\u001b[0m","      \u001b[36m# /home/ec2-user/.rvm/gems/ruby-3.1.2/gems/capybara-3.39.2/lib/capybara/node/base.rb:84:in `synchronize'\u001b[0m","      \u001b[36m# /home/ec2-user/.rvm/gems/ruby-3.1.2/gems/capybara-3.39.2/lib/capybara/node/finders.rb:301:in `synced_resolve'\u001b[0m","      \u001b[36m# /home/ec2-user/.rvm/gems/ruby-3.1.2/gems/capybara-3.39.2/lib/capybara/node/finders.rb:60:in `find'\u001b[0m","      \u001b[36m# /home/ec2-user/.rvm/gems/ruby-3.1.2/gems/capybara-3.39.2/lib/capybara/node/actions.rb:42:in `click_link'\u001b[0m","      \u001b[36m# /home/ec2-user/.rvm/gems/ruby-3.1.2/gems/capybara-3.39.2/lib/capybara/session.rb:773:in `click_link'\u001b[0m","      \u001b[36m# /home/ec2-user/.rvm/gems/ruby-3.1.2/gems/capybara-3.39.2/lib/capybara/dsl.rb:52:in `call'\u001b[0m","      \u001b[36m# /home/ec2-user/.rvm/gems/ruby-3.1.2/gems/capybara-3.39.2/lib/capybara/dsl.rb:52:in `click_link'\u001b[0m","      \u001b[36m# ./spec/system/02_after_login_spec.rb:201:in `block (4 levels) in <main>'\u001b[0m","","  32) [STEP2] ユーザログイン後のテスト 自分の投稿編集画面のテスト 表示の確認 「Editing Book」と表示される","      \u001b[31mFailure/Error: expect(page).to have_content 'Editing Book'\u001b[0m","      \u001b[31m  expected to find text \"Editing Book\" in \"Bookers\\nHome Users Books Log out\\nbook edit\\nCopyRight Infratop.inc\"\u001b[0m","      \u001b[36m# ./spec/system/02_after_login_spec.rb:222:in `block (4 levels) in <main>'\u001b[0m","","  33) [STEP2] ユーザログイン後のテスト 自分の投稿編集画面のテスト 表示の確認 title編集フォームが表示される","      \u001b[31mFailure/Error: expect(page).to have_field 'book[title]', with: book.title\u001b[0m","      \u001b[31m  expected to find field \"book[title]\" that is not disabled but there were no matches\u001b[0m","      \u001b[36m# ./spec/system/02_after_login_spec.rb:225:in `block (4 levels) in <main>'\u001b[0m","","  34) [STEP2] ユーザログイン後のテスト 自分の投稿編集画面のテスト 表示の確認 body編集フォームが表示される","      \u001b[31mFailure/Error: expect(page).to have_field 'book[body]', with: book.body\u001b[0m","      \u001b[31m  expected to find field \"book[body]\" that is not disabled but there were no matches\u001b[0m","      \u001b[36m# ./spec/system/02_after_login_spec.rb:228:in `block (4 levels) in <main>'\u001b[0m","","  35) [STEP2] ユーザログイン後のテスト 自分の投稿編集画面のテスト 表示の確認 Update Bookボタンが表示される","      \u001b[31mFailure/Error: expect(page).to have_button 'Update Book'\u001b[0m","      \u001b[31m  expected to find button \"Update Book\" that is not disabled but there were no matches\u001b[0m","      \u001b[36m# ./spec/system/02_after_login_spec.rb:231:in `block (4 levels) in <main>'\u001b[0m","","  36) [STEP2] ユーザログイン後のテスト 自分の投稿編集画面のテスト 表示の確認 Showリンクが表示される","      \u001b[31mFailure/Error: expect(page).to have_link 'Show', href: book_path(book)\u001b[0m","      \u001b[31m  expected to find link \"Show\" with href \"/books/1\" but there were no matches\u001b[0m","      \u001b[36m# ./spec/system/02_after_login_spec.rb:234:in `block (4 levels) in <main>'\u001b[0m","","  37) [STEP2] ユーザログイン後のテスト 自分の投稿編集画面のテスト 表示の確認 Backリンクが表示される","      \u001b[31mFailure/Error: expect(page).to have_link 'Back', href: books_path\u001b[0m","      \u001b[31m  expected to find link \"Back\" with href \"/books\" but there were no matches\u001b[0m","      \u001b[36m# ./spec/system/02_after_login_spec.rb:237:in `block (4 levels) in <main>'\u001b[0m","","  38) [STEP2] ユーザログイン後のテスト 自分の投稿編集画面のテスト 編集成功のテスト titleが正しく更新される","      \u001b[31mFailure/Error: fill_in 'book[title]', with: Faker::Lorem.characters(number: 4)\u001b[0m","      \u001b[31m\u001b[0m","      \u001b[31mCapybara::ElementNotFound:\u001b[0m","      \u001b[31m  Unable to find field \"book[title]\" that is not disabled\u001b[0m","      \u001b[36m# /home/ec2-user/.rvm/gems/ruby-3.1.2/gems/capybara-3.39.2/lib/capybara/node/finders.rb:312:in `block in synced_resolve'\u001b[0m","      \u001b[36m# /home/ec2-user/.rvm/gems/ruby-3.1.2/gems/capybara-3.39.2/lib/capybara/node/base.rb:84:in `synchronize'\u001b[0m","      \u001b[36m# /home/ec2-user/.rvm/gems/ruby-3.1.2/gems/capybara-3.39.2/lib/capybara/node/finders.rb:301:in `synced_resolve'\u001b[0m","      \u001b[36m# /home/ec2-user/.rvm/gems/ruby-3.1.2/gems/capybara-3.39.2/lib/capybara/node/finders.rb:60:in `find'\u001b[0m","      \u001b[36m# /home/ec2-user/.rvm/gems/ruby-3.1.2/gems/capybara-3.39.2/lib/capybara/node/actions.rb:91:in `fill_in'\u001b[0m","      \u001b[36m# /home/ec2-user/.rvm/gems/ruby-3.1.2/gems/capybara-3.39.2/lib/capybara/session.rb:773:in `fill_in'\u001b[0m","      \u001b[36m# /home/ec2-user/.rvm/gems/ruby-3.1.2/gems/capybara-3.39.2/lib/capybara/dsl.rb:52:in `call'\u001b[0m","      \u001b[36m# /home/ec2-user/.rvm/gems/ruby-3.1.2/gems/capybara-3.39.2/lib/capybara/dsl.rb:52:in `fill_in'\u001b[0m","      \u001b[36m# ./spec/system/02_after_login_spec.rb:245:in `block (4 levels) in <main>'\u001b[0m","","  39) [STEP2] ユーザログイン後のテスト 自分の投稿編集画面のテスト 編集成功のテスト bodyが正しく更新される","      \u001b[31mFailure/Error: fill_in 'book[title]', with: Faker::Lorem.characters(number: 4)\u001b[0m","      \u001b[31m\u001b[0m","      \u001b[31mCapybara::ElementNotFound:\u001b[0m","      \u001b[31m  Unable to find field \"book[title]\" that is not disabled\u001b[0m","      \u001b[36m# /home/ec2-user/.rvm/gems/ruby-3.1.2/gems/capybara-3.39.2/lib/capybara/node/finders.rb:312:in `block in synced_resolve'\u001b[0m","      \u001b[36m# /home/ec2-user/.rvm/gems/ruby-3.1.2/gems/capybara-3.39.2/lib/capybara/node/base.rb:84:in `synchronize'\u001b[0m","      \u001b[36m# /home/ec2-user/.rvm/gems/ruby-3.1.2/gems/capybara-3.39.2/lib/capybara/node/finders.rb:301:in `synced_resolve'\u001b[0m","      \u001b[36m# /home/ec2-user/.rvm/gems/ruby-3.1.2/gems/capybara-3.39.2/lib/capybara/node/finders.rb:60:in `find'\u001b[0m","      \u001b[36m# /home/ec2-user/.rvm/gems/ruby-3.1.2/gems/capybara-3.39.2/lib/capybara/node/actions.rb:91:in `fill_in'\u001b[0m","      \u001b[36m# /home/ec2-user/.rvm/gems/ruby-3.1.2/gems/capybara-3.39.2/lib/capybara/session.rb:773:in `fill_in'\u001b[0m","      \u001b[36m# /home/ec2-user/.rvm/gems/ruby-3.1.2/gems/capybara-3.39.2/lib/capybara/dsl.rb:52:in `call'\u001b[0m","      \u001b[36m# /home/ec2-user/.rvm/gems/ruby-3.1.2/gems/capybara-3.39.2/lib/capybara/dsl.rb:52:in `fill_in'\u001b[0m","      \u001b[36m# ./spec/system/02_after_login_spec.rb:245:in `block (4 levels) in <main>'\u001b[0m","","  40) [STEP2] ユーザログイン後のテスト 自分の投稿編集画面のテスト 編集成功のテスト リダイレクト先が、更新した投稿の詳細画面になっている","      \u001b[31mFailure/Error: fill_in 'book[title]', with: Faker::Lorem.characters(number: 4)\u001b[0m","      \u001b[31m\u001b[0m","      \u001b[31mCapybara::ElementNotFound:\u001b[0m","      \u001b[31m  Unable to find field \"book[title]\" that is not disabled\u001b[0m","      \u001b[36m# /home/ec2-user/.rvm/gems/ruby-3.1.2/gems/capybara-3.39.2/lib/capybara/node/finders.rb:312:in `block in synced_resolve'\u001b[0m","      \u001b[36m# /home/ec2-user/.rvm/gems/ruby-3.1.2/gems/capybara-3.39.2/lib/capybara/node/base.rb:84:in `synchronize'\u001b[0m","      \u001b[36m# /home/ec2-user/.rvm/gems/ruby-3.1.2/gems/capybara-3.39.2/lib/capybara/node/finders.rb:301:in `synced_resolve'\u001b[0m","      \u001b[36m# /home/ec2-user/.rvm/gems/ruby-3.1.2/gems/capybara-3.39.2/lib/capybara/node/finders.rb:60:in `find'\u001b[0m","      \u001b[36m# /home/ec2-user/.rvm/gems/ruby-3.1.2/gems/capybara-3.39.2/lib/capybara/node/actions.rb:91:in `fill_in'\u001b[0m","      \u001b[36m# /home/ec2-user/.rvm/gems/ruby-3.1.2/gems/capybara-3.39.2/lib/capybara/session.rb:773:in `fill_in'\u001b[0m","      \u001b[36m# /home/ec2-user/.rvm/gems/ruby-3.1.2/gems/capybara-3.39.2/lib/capybara/dsl.rb:52:in `call'\u001b[0m","      \u001b[36m# /home/ec2-user/.rvm/gems/ruby-3.1.2/gems/capybara-3.39.2/lib/capybara/dsl.rb:52:in `fill_in'\u001b[0m","      \u001b[36m# ./spec/system/02_after_login_spec.rb:245:in `block (4 levels) in <main>'\u001b[0m","","  41) [STEP2] ユーザログイン後のテスト ユーザ一覧画面のテスト サイドバーの確認 「New book」と表示される","      \u001b[31mFailure/Error: expect(page).to have_content 'New book'\u001b[0m","      \u001b[31m  expected to find text \"New book\" in \"Bookers\\nHome Users Books Log out\\nUser info\\nname m7tcypf5xh introduction 28cja37wnm92pw5veddi\\nTitle Opinion\\nm7tcypf5xh Show\\nUsers\\nimage name\\n6lie6hgfdp Show\\nUsers\\nimage name\\nCopyRight Infratop.inc\"\u001b[0m","      \u001b[36m# ./spec/system/02_after_login_spec.rb:294:in `block (4 levels) in <main>'\u001b[0m","","  42) [STEP2] ユーザログイン後のテスト 自分のユーザ詳細画面のテスト 表示の確認 投稿一覧のユーザ画像のリンク先が正しい","      \u001b[31mFailure/Error: expect(page).to have_link '', href: user_path(user)\u001b[0m","      \u001b[31m  expected to find link \"\" with href \"/users/1\" but there were no matches\u001b[0m","      \u001b[36m# ./spec/system/02_after_login_spec.rb:324:in `block (4 levels) in <main>'\u001b[0m","","  43) [STEP2] ユーザログイン後のテスト 自分のユーザ詳細画面のテスト サイドバーの確認 titleフォームが表示される","      \u001b[31mFailure/Error: expect(page).to have_field 'book[title]'\u001b[0m","      \u001b[31m  expected to find field \"book[title]\" that is not disabled but there were no matches\u001b[0m","      \u001b[36m# ./spec/system/02_after_login_spec.rb:351:in `block (4 levels) in <main>'\u001b[0m","","  44) [STEP2] ユーザログイン後のテスト 自分のユーザ詳細画面のテスト サイドバーの確認 titleフォームに値が入っていない","      \u001b[31mFailure/Error: expect(find_field('book[title]').text).to be_blank\u001b[0m","      \u001b[31m\u001b[0m","      \u001b[31mCapybara::ElementNotFound:\u001b[0m","      \u001b[31m  Unable to find field \"book[title]\" that is not disabled\u001b[0m","      \u001b[36m# /home/ec2-user/.rvm/gems/ruby-3.1.2/gems/capybara-3.39.2/lib/capybara/node/finders.rb:312:in `block in synced_resolve'\u001b[0m","      \u001b[36m# /home/ec2-user/.rvm/gems/ruby-3.1.2/gems/capybara-3.39.2/lib/capybara/node/base.rb:84:in `synchronize'\u001b[0m","      \u001b[36m# /home/ec2-user/.rvm/gems/ruby-3.1.2/gems/capybara-3.39.2/lib/capybara/node/finders.rb:301:in `synced_resolve'\u001b[0m","      \u001b[36m# /home/ec2-user/.rvm/gems/ruby-3.1.2/gems/capybara-3.39.2/lib/capybara/node/finders.rb:60:in `find'\u001b[0m","      \u001b[36m# /home/ec2-user/.rvm/gems/ruby-3.1.2/gems/capybara-3.39.2/lib/capybara/node/finders.rb:136:in `find_field'\u001b[0m","      \u001b[36m# /home/ec2-user/.rvm/gems/ruby-3.1.2/gems/capybara-3.39.2/lib/capybara/session.rb:773:in `find_field'\u001b[0m","      \u001b[36m# /home/ec2-user/.rvm/gems/ruby-3.1.2/gems/capybara-3.39.2/lib/capybara/dsl.rb:52:in `call'\u001b[0m","      \u001b[36m# /home/ec2-user/.rvm/gems/ruby-3.1.2/gems/capybara-3.39.2/lib/capybara/dsl.rb:52:in `find_field'\u001b[0m","      \u001b[36m# ./spec/system/02_after_login_spec.rb:354:in `block (4 levels) in <main>'\u001b[0m","","  45) [STEP2] ユーザログイン後のテスト 自分のユーザ詳細画面のテスト サイドバーの確認 bodyフォームが表示される","      \u001b[31mFailure/Error: expect(page).to have_field 'book[body]'\u001b[0m","      \u001b[31m  expected to find field \"book[body]\" that is not disabled but there were no matches\u001b[0m","      \u001b[36m# ./spec/system/02_after_login_spec.rb:357:in `block (4 levels) in <main>'\u001b[0m","","  46) [STEP2] ユーザログイン後のテスト 自分のユーザ詳細画面のテスト サイドバーの確認 bodyフォームに値が入っていない","      \u001b[31mFailure/Error: expect(find_field('book[body]').text).to be_blank\u001b[0m","      \u001b[31m\u001b[0m","      \u001b[31mCapybara::ElementNotFound:\u001b[0m","      \u001b[31m  Unable to find field \"book[body]\" that is not disabled\u001b[0m","      \u001b[36m# /home/ec2-user/.rvm/gems/ruby-3.1.2/gems/capybara-3.39.2/lib/capybara/node/finders.rb:312:in `block in synced_resolve'\u001b[0m","      \u001b[36m# /home/ec2-user/.rvm/gems/ruby-3.1.2/gems/capybara-3.39.2/lib/capybara/node/base.rb:84:in `synchronize'\u001b[0m","      \u001b[36m# /home/ec2-user/.rvm/gems/ruby-3.1.2/gems/capybara-3.39.2/lib/capybara/node/finders.rb:301:in `synced_resolve'\u001b[0m","      \u001b[36m# /home/ec2-user/.rvm/gems/ruby-3.1.2/gems/capybara-3.39.2/lib/capybara/node/finders.rb:60:in `find'\u001b[0m","      \u001b[36m# /home/ec2-user/.rvm/gems/ruby-3.1.2/gems/capybara-3.39.2/lib/capybara/node/finders.rb:136:in `find_field'\u001b[0m","      \u001b[36m# /home/ec2-user/.rvm/gems/ruby-3.1.2/gems/capybara-3.39.2/lib/capybara/session.rb:773:in `find_field'\u001b[0m","      \u001b[36m# /home/ec2-user/.rvm/gems/ruby-3.1.2/gems/capybara-3.39.2/lib/capybara/dsl.rb:52:in `call'\u001b[0m","      \u001b[36m# /home/ec2-user/.rvm/gems/ruby-3.1.2/gems/capybara-3.39.2/lib/capybara/dsl.rb:52:in `find_field'\u001b[0m","      \u001b[36m# ./spec/system/02_after_login_spec.rb:360:in `block (4 levels) in <main>'\u001b[0m","","  47) [STEP2] ユーザログイン後のテスト 自分のユーザ詳細画面のテスト サイドバーの確認 Create Bookボタンが表示される","      \u001b[31mFailure/Error: expect(page).to have_button 'Create Book'\u001b[0m","      \u001b[31m  expected to find button \"Create Book\" that is not disabled but there were no matches\u001b[0m","      \u001b[36m# ./spec/system/02_after_login_spec.rb:363:in `block (4 levels) in <main>'\u001b[0m","","  48) [STEP3] 仕上げのテスト サクセスメッセージのテスト 投稿データの新規投稿成功時: 投稿一覧画面から行います。","      \u001b[31mFailure/Error: fill_in 'book[title]', with: Faker::Lorem.characters(number: 5)\u001b[0m","      \u001b[31m\u001b[0m","      \u001b[31mCapybara::ElementNotFound:\u001b[0m","      \u001b[31m  Unable to find field \"book[title]\" that is not disabled\u001b[0m","      \u001b[36m# /home/ec2-user/.rvm/gems/ruby-3.1.2/gems/capybara-3.39.2/lib/capybara/node/finders.rb:312:in `block in synced_resolve'\u001b[0m","      \u001b[36m# /home/ec2-user/.rvm/gems/ruby-3.1.2/gems/capybara-3.39.2/lib/capybara/node/base.rb:84:in `synchronize'\u001b[0m","      \u001b[36m# /home/ec2-user/.rvm/gems/ruby-3.1.2/gems/capybara-3.39.2/lib/capybara/node/finders.rb:301:in `synced_resolve'\u001b[0m","      \u001b[36m# /home/ec2-user/.rvm/gems/ruby-3.1.2/gems/capybara-3.39.2/lib/capybara/node/finders.rb:60:in `find'\u001b[0m","      \u001b[36m# /home/ec2-user/.rvm/gems/ruby-3.1.2/gems/capybara-3.39.2/lib/capybara/node/actions.rb:91:in `fill_in'\u001b[0m","      \u001b[36m# /home/ec2-user/.rvm/gems/ruby-3.1.2/gems/capybara-3.39.2/lib/capybara/session.rb:773:in `fill_in'\u001b[0m","      \u001b[36m# /home/ec2-user/.rvm/gems/ruby-3.1.2/gems/capybara-3.39.2/lib/capybara/dsl.rb:52:in `call'\u001b[0m","      \u001b[36m# /home/ec2-user/.rvm/gems/ruby-3.1.2/gems/capybara-3.39.2/lib/capybara/dsl.rb:52:in `fill_in'\u001b[0m","      \u001b[36m# ./spec/system/03_finishing_touches_spec.rb:53:in `block (3 levels) in <main>'\u001b[0m","","  49) [STEP3] 仕上げのテスト サクセスメッセージのテスト 投稿データの更新成功時","      \u001b[31mFailure/Error: click_button 'Update Book'\u001b[0m","      \u001b[31m\u001b[0m","      \u001b[31mCapybara::ElementNotFound:\u001b[0m","      \u001b[31m  Unable to find button \"Update Book\" that is not disabled\u001b[0m","      \u001b[36m# /home/ec2-user/.rvm/gems/ruby-3.1.2/gems/capybara-3.39.2/lib/capybara/node/finders.rb:312:in `block in synced_resolve'\u001b[0m","      \u001b[36m# /home/ec2-user/.rvm/gems/ruby-3.1.2/gems/capybara-3.39.2/lib/capybara/node/base.rb:84:in `synchronize'\u001b[0m","      \u001b[36m# /home/ec2-user/.rvm/gems/ruby-3.1.2/gems/capybara-3.39.2/lib/capybara/node/finders.rb:301:in `synced_resolve'\u001b[0m","      \u001b[36m# /home/ec2-user/.rvm/gems/ruby-3.1.2/gems/capybara-3.39.2/lib/capybara/node/finders.rb:60:in `find'\u001b[0m","      \u001b[36m# /home/ec2-user/.rvm/gems/ruby-3.1.2/gems/capybara-3.39.2/lib/capybara/node/actions.rb:58:in `click_button'\u001b[0m","      \u001b[36m# /home/ec2-user/.rvm/gems/ruby-3.1.2/gems/capybara-3.39.2/lib/capybara/session.rb:773:in `click_button'\u001b[0m","      \u001b[36m# /home/ec2-user/.rvm/gems/ruby-3.1.2/gems/capybara-3.39.2/lib/capybara/dsl.rb:52:in `call'\u001b[0m","      \u001b[36m# /home/ec2-user/.rvm/gems/ruby-3.1.2/gems/capybara-3.39.2/lib/capybara/dsl.rb:52:in `click_button'\u001b[0m","      \u001b[36m# ./spec/system/03_finishing_touches_spec.rb:64:in `block (3 levels) in <main>'\u001b[0m","","  50) [STEP3] 仕上げのテスト 処理失敗時のテスト ユーザのプロフィール情報編集失敗: nameを1文字にする 更新されない","      \u001b[31mFailure/Error: <% if @book.errors.any? %>\u001b[0m","      \u001b[31m\u001b[0m","      \u001b[31mActionView::Template::Error:\u001b[0m","      \u001b[31m  undefined method `errors' for nil:NilClass\u001b[0m","      \u001b[36m# ./app/views/users/show.html.erb:12:in `_app_views_users_show_html_erb__390621423511245908_23980'\u001b[0m","      \u001b[36m# ./app/controllers/users_controller.rb:43:in `update'\u001b[0m","      \u001b[36m# /home/ec2-user/.rvm/gems/ruby-3.1.2/gems/actiontext-6.1.7.4/lib/action_text/rendering.rb:20:in `with_renderer'\u001b[0m","      \u001b[36m# /home/ec2-user/.rvm/gems/ruby-3.1.2/gems/actiontext-6.1.7.4/lib/action_text/engine.rb:59:in `block (4 levels) in <class:Engine>'\u001b[0m","      \u001b[36m# /home/ec2-user/.rvm/gems/ruby-3.1.2/gems/warden-1.2.9/lib/warden/manager.rb:36:in `block in call'\u001b[0m","      \u001b[36m# /home/ec2-user/.rvm/gems/ruby-3.1.2/gems/warden-1.2.9/lib/warden/manager.rb:34:in `catch'\u001b[0m","      \u001b[36m# /home/ec2-user/.rvm/gems/ruby-3.1.2/gems/warden-1.2.9/lib/warden/manager.rb:34:in `call'\u001b[0m","      \u001b[36m# /home/ec2-user/.rvm/gems/ruby-3.1.2/gems/rack-2.2.8/lib/rack/tempfile_reaper.rb:15:in `call'\u001b[0m","      \u001b[36m# /home/ec2-user/.rvm/gems/ruby-3.1.2/gems/rack-2.2.8/lib/rack/etag.rb:27:in `call'\u001b[0m","      \u001b[36m# /home/ec2-user/.rvm/gems/ruby-3.1.2/gems/rack-2.2.8/lib/rack/conditional_get.rb:40:in `call'\u001b[0m","      \u001b[36m# /home/ec2-user/.rvm/gems/ruby-3.1.2/gems/rack-2.2.8/lib/rack/head.rb:12:in `call'\u001b[0m","      \u001b[36m# /home/ec2-user/.rvm/gems/ruby-3.1.2/gems/rack-2.2.8/lib/rack/session/abstract/id.rb:266:in `context'\u001b[0m","      \u001b[36m# /home/ec2-user/.rvm/gems/ruby-3.1.2/gems/rack-2.2.8/lib/rack/session/abstract/id.rb:260:in `call'\u001b[0m","      \u001b[36m# /home/ec2-user/.rvm/gems/ruby-3.1.2/gems/railties-6.1.7.4/lib/rails/rack/logger.rb:37:in `call_app'\u001b[0m","      \u001b[36m# /home/ec2-user/.rvm/gems/ruby-3.1.2/gems/railties-6.1.7.4/lib/rails/rack/logger.rb:26:in `block in call'\u001b[0m","      \u001b[36m# /home/ec2-user/.rvm/gems/ruby-3.1.2/gems/railties-6.1.7.4/lib/rails/rack/logger.rb:26:in `call'\u001b[0m","      \u001b[36m# /home/ec2-user/.rvm/gems/ruby-3.1.2/gems/rack-2.2.8/lib/rack/method_override.rb:24:in `call'\u001b[0m","      \u001b[36m# /home/ec2-user/.rvm/gems/ruby-3.1.2/gems/rack-2.2.8/lib/rack/runtime.rb:22:in `call'\u001b[0m","      \u001b[36m# /home/ec2-user/.rvm/gems/ruby-3.1.2/gems/rack-2.2.8/lib/rack/sendfile.rb:110:in `call'\u001b[0m","      \u001b[36m# /home/ec2-user/.rvm/gems/ruby-3.1.2/gems/railties-6.1.7.4/lib/rails/engine.rb:539:in `call'\u001b[0m","      \u001b[36m# /home/ec2-user/.rvm/gems/ruby-3.1.2/gems/rack-2.2.8/lib/rack/urlmap.rb:74:in `block in call'\u001b[0m","      \u001b[36m# /home/ec2-user/.rvm/gems/ruby-3.1.2/gems/rack-2.2.8/lib/rack/urlmap.rb:58:in `each'\u001b[0m","      \u001b[36m# /home/ec2-user/.rvm/gems/ruby-3.1.2/gems/rack-2.2.8/lib/rack/urlmap.rb:58:in `call'\u001b[0m","      \u001b[36m# /home/ec2-user/.rvm/gems/ruby-3.1.2/gems/rack-2.2.8/lib/rack/builder.rb:244:in `call'\u001b[0m","      \u001b[36m# /home/ec2-user/.rvm/gems/ruby-3.1.2/gems/rack-test-2.1.0/lib/rack/test.rb:360:in `process_request'\u001b[0m","      \u001b[36m# /home/ec2-user/.rvm/gems/ruby-3.1.2/gems/rack-test-2.1.0/lib/rack/test.rb:163:in `custom_request'\u001b[0m","      \u001b[36m# /home/ec2-user/.rvm/gems/ruby-3.1.2/gems/rack-test-2.1.0/lib/rack/test.rb:112:in `post'\u001b[0m","      \u001b[36m# /home/ec2-user/.rvm/gems/ruby-3.1.2/gems/capybara-3.39.2/lib/capybara/rack_test/browser.rb:80:in `process'\u001b[0m","      \u001b[36m# /home/ec2-user/.rvm/gems/ruby-3.1.2/gems/capybara-3.39.2/lib/capybara/rack_test/browser.rb:55:in `process_and_follow_redirects'\u001b[0m","      \u001b[36m# /home/ec2-user/.rvm/gems/ruby-3.1.2/gems/capybara-3.39.2/lib/capybara/rack_test/browser.rb:38:in `submit'\u001b[0m","      \u001b[36m# /home/ec2-user/.rvm/gems/ruby-3.1.2/gems/capybara-3.39.2/lib/capybara/rack_test/form.rb:57:in `submit'\u001b[0m","      \u001b[36m# /home/ec2-user/.rvm/gems/ruby-3.1.2/gems/capybara-3.39.2/lib/capybara/rack_test/node.rb:69:in `click'\u001b[0m","      \u001b[36m# /home/ec2-user/.rvm/gems/ruby-3.1.2/gems/capybara-3.39.2/lib/capybara/rack_test/node.rb:132:in `call'\u001b[0m","      \u001b[36m# /home/ec2-user/.rvm/gems/ruby-3.1.2/gems/capybara-3.39.2/lib/capybara/rack_test/node.rb:132:in `click'\u001b[0m","      \u001b[36m# /home/ec2-user/.rvm/gems/ruby-3.1.2/gems/capybara-3.39.2/lib/capybara/node/element.rb:172:in `block in click'\u001b[0m","      \u001b[36m# /home/ec2-user/.rvm/gems/ruby-3.1.2/gems/capybara-3.39.2/lib/capybara/node/element.rb:608:in `block in perform_click_action'\u001b[0m","      \u001b[36m# /home/ec2-user/.rvm/gems/ruby-3.1.2/gems/capybara-3.39.2/lib/capybara/node/base.rb:84:in `synchronize'\u001b[0m","      \u001b[36m# /home/ec2-user/.rvm/gems/ruby-3.1.2/gems/capybara-3.39.2/lib/capybara/node/element.rb:608:in `perform_click_action'\u001b[0m","      \u001b[36m# /home/ec2-user/.rvm/gems/ruby-3.1.2/gems/capybara-3.39.2/lib/capybara/node/element.rb:171:in `click'\u001b[0m","      \u001b[36m# /home/ec2-user/.rvm/gems/ruby-3.1.2/gems/capybara-3.39.2/lib/capybara/node/actions.rb:58:in `click_button'\u001b[0m","      \u001b[36m# /home/ec2-user/.rvm/gems/ruby-3.1.2/gems/capybara-3.39.2/lib/capybara/session.rb:773:in `click_button'\u001b[0m","      \u001b[36m# /home/ec2-user/.rvm/gems/ruby-3.1.2/gems/capybara-3.39.2/lib/capybara/dsl.rb:52:in `call'\u001b[0m","      \u001b[36m# /home/ec2-user/.rvm/gems/ruby-3.1.2/gems/capybara-3.39.2/lib/capybara/dsl.rb:52:in `click_button'\u001b[0m","      \u001b[36m# ./spec/system/03_finishing_touches_spec.rb:106:in `block (4 levels) in <main>'\u001b[0m","      \u001b[36m# ------------------\u001b[0m","      \u001b[36m# --- Caused by: ---\u001b[0m","      \u001b[36m# NoMethodError:\u001b[0m","      \u001b[36m#   undefined method `errors' for nil:NilClass\u001b[0m","      \u001b[36m#   ./app/views/users/show.html.erb:12:in `_app_views_users_show_html_erb__390621423511245908_23980'\u001b[0m","","  51) [STEP3] 仕上げのテスト 処理失敗時のテスト ユーザのプロフィール情報編集失敗: nameを1文字にする ユーザ編集画面を表示しており、フォームの内容が正しい","      \u001b[31mFailure/Error: <% if @book.errors.any? %>\u001b[0m","      \u001b[31m\u001b[0m","      \u001b[31mActionView::Template::Error:\u001b[0m","      \u001b[31m  undefined method `errors' for nil:NilClass\u001b[0m","      \u001b[36m# ./app/views/users/show.html.erb:12:in `_app_views_users_show_html_erb__390621423511245908_23980'\u001b[0m","      \u001b[36m# ./app/controllers/users_controller.rb:43:in `update'\u001b[0m","      \u001b[36m# /home/ec2-user/.rvm/gems/ruby-3.1.2/gems/actiontext-6.1.7.4/lib/action_text/rendering.rb:20:in `with_renderer'\u001b[0m","      \u001b[36m# /home/ec2-user/.rvm/gems/ruby-3.1.2/gems/actiontext-6.1.7.4/lib/action_text/engine.rb:59:in `block (4 levels) in <class:Engine>'\u001b[0m","      \u001b[36m# /home/ec2-user/.rvm/gems/ruby-3.1.2/gems/warden-1.2.9/lib/warden/manager.rb:36:in `block in call'\u001b[0m","      \u001b[36m# /home/ec2-user/.rvm/gems/ruby-3.1.2/gems/warden-1.2.9/lib/warden/manager.rb:34:in `catch'\u001b[0m","      \u001b[36m# /home/ec2-user/.rvm/gems/ruby-3.1.2/gems/warden-1.2.9/lib/warden/manager.rb:34:in `call'\u001b[0m","      \u001b[36m# /home/ec2-user/.rvm/gems/ruby-3.1.2/gems/rack-2.2.8/lib/rack/tempfile_reaper.rb:15:in `call'\u001b[0m","      \u001b[36m# /home/ec2-user/.rvm/gems/ruby-3.1.2/gems/rack-2.2.8/lib/rack/etag.rb:27:in `call'\u001b[0m","      \u001b[36m# /home/ec2-user/.rvm/gems/ruby-3.1.2/gems/rack-2.2.8/lib/rack/conditional_get.rb:40:in `call'\u001b[0m","      \u001b[36m# /home/ec2-user/.rvm/gems/ruby-3.1.2/gems/rack-2.2.8/lib/rack/head.rb:12:in `call'\u001b[0m","      \u001b[36m# /home/ec2-user/.rvm/gems/ruby-3.1.2/gems/rack-2.2.8/lib/rack/session/abstract/id.rb:266:in `context'\u001b[0m","      \u001b[36m# /home/ec2-user/.rvm/gems/ruby-3.1.2/gems/rack-2.2.8/lib/rack/session/abstract/id.rb:260:in `call'\u001b[0m","      \u001b[36m# /home/ec2-user/.rvm/gems/ruby-3.1.2/gems/railties-6.1.7.4/lib/rails/rack/logger.rb:37:in `call_app'\u001b[0m","      \u001b[36m# /home/ec2-user/.rvm/gems/ruby-3.1.2/gems/railties-6.1.7.4/lib/rails/rack/logger.rb:26:in `block in call'\u001b[0m","      \u001b[36m# /home/ec2-user/.rvm/gems/ruby-3.1.2/gems/railties-6.1.7.4/lib/rails/rack/logger.rb:26:in `call'\u001b[0m","      \u001b[36m# /home/ec2-user/.rvm/gems/ruby-3.1.2/gems/rack-2.2.8/lib/rack/method_override.rb:24:in `call'\u001b[0m","      \u001b[36m# /home/ec2-user/.rvm/gems/ruby-3.1.2/gems/rack-2.2.8/lib/rack/runtime.rb:22:in `call'\u001b[0m","      \u001b[36m# /home/ec2-user/.rvm/gems/ruby-3.1.2/gems/rack-2.2.8/lib/rack/sendfile.rb:110:in `call'\u001b[0m","      \u001b[36m# /home/ec2-user/.rvm/gems/ruby-3.1.2/gems/railties-6.1.7.4/lib/rails/engine.rb:539:in `call'\u001b[0m","      \u001b[36m# /home/ec2-user/.rvm/gems/ruby-3.1.2/gems/rack-2.2.8/lib/rack/urlmap.rb:74:in `block in call'\u001b[0m","      \u001b[36m# /home/ec2-user/.rvm/gems/ruby-3.1.2/gems/rack-2.2.8/lib/rack/urlmap.rb:58:in `each'\u001b[0m","      \u001b[36m# /home/ec2-user/.rvm/gems/ruby-3.1.2/gems/rack-2.2.8/lib/rack/urlmap.rb:58:in `call'\u001b[0m","      \u001b[36m# /home/ec2-user/.rvm/gems/ruby-3.1.2/gems/rack-2.2.8/lib/rack/builder.rb:244:in `call'\u001b[0m","      \u001b[36m# /home/ec2-user/.rvm/gems/ruby-3.1.2/gems/rack-test-2.1.0/lib/rack/test.rb:360:in `process_request'\u001b[0m","      \u001b[36m# /home/ec2-user/.rvm/gems/ruby-3.1.2/gems/rack-test-2.1.0/lib/rack/test.rb:163:in `custom_request'\u001b[0m","      \u001b[36m# /home/ec2-user/.rvm/gems/ruby-3.1.2/gems/rack-test-2.1.0/lib/rack/test.rb:112:in `post'\u001b[0m","      \u001b[36m# /home/ec2-user/.rvm/gems/ruby-3.1.2/gems/capybara-3.39.2/lib/capybara/rack_test/browser.rb:80:in `process'\u001b[0m","      \u001b[36m# /home/ec2-user/.rvm/gems/ruby-3.1.2/gems/capybara-3.39.2/lib/capybara/rack_test/browser.rb:55:in `process_and_follow_redirects'\u001b[0m","      \u001b[36m# /home/ec2-user/.rvm/gems/ruby-3.1.2/gems/capybara-3.39.2/lib/capybara/rack_test/browser.rb:38:in `submit'\u001b[0m","      \u001b[36m# /home/ec2-user/.rvm/gems/ruby-3.1.2/gems/capybara-3.39.2/lib/capybara/rack_test/form.rb:57:in `submit'\u001b[0m","      \u001b[36m# /home/ec2-user/.rvm/gems/ruby-3.1.2/gems/capybara-3.39.2/lib/capybara/rack_test/node.rb:69:in `click'\u001b[0m","      \u001b[36m# /home/ec2-user/.rvm/gems/ruby-3.1.2/gems/capybara-3.39.2/lib/capybara/rack_test/node.rb:132:in `call'\u001b[0m","      \u001b[36m# /home/ec2-user/.rvm/gems/ruby-3.1.2/gems/capybara-3.39.2/lib/capybara/rack_test/node.rb:132:in `click'\u001b[0m","      \u001b[36m# /home/ec2-user/.rvm/gems/ruby-3.1.2/gems/capybara-3.39.2/lib/capybara/node/element.rb:172:in `block in click'\u001b[0m","      \u001b[36m# /home/ec2-user/.rvm/gems/ruby-3.1.2/gems/capybara-3.39.2/lib/capybara/node/element.rb:608:in `block in perform_click_action'\u001b[0m","      \u001b[36m# /home/ec2-user/.rvm/gems/ruby-3.1.2/gems/capybara-3.39.2/lib/capybara/node/base.rb:84:in `synchronize'\u001b[0m","      \u001b[36m# /home/ec2-user/.rvm/gems/ruby-3.1.2/gems/capybara-3.39.2/lib/capybara/node/element.rb:608:in `perform_click_action'\u001b[0m","      \u001b[36m# /home/ec2-user/.rvm/gems/ruby-3.1.2/gems/capybara-3.39.2/lib/capybara/node/element.rb:171:in `click'\u001b[0m","      \u001b[36m# /home/ec2-user/.rvm/gems/ruby-3.1.2/gems/capybara-3.39.2/lib/capybara/node/actions.rb:58:in `click_button'\u001b[0m","      \u001b[36m# /home/ec2-user/.rvm/gems/ruby-3.1.2/gems/capybara-3.39.2/lib/capybara/session.rb:773:in `click_button'\u001b[0m","      \u001b[36m# /home/ec2-user/.rvm/gems/ruby-3.1.2/gems/capybara-3.39.2/lib/capybara/dsl.rb:52:in `call'\u001b[0m","      \u001b[36m# /home/ec2-user/.rvm/gems/ruby-3.1.2/gems/capybara-3.39.2/lib/capybara/dsl.rb:52:in `click_button'\u001b[0m","      \u001b[36m# ./spec/system/03_finishing_touches_spec.rb:106:in `block (4 levels) in <main>'\u001b[0m","      \u001b[36m# ------------------\u001b[0m","      \u001b[36m# --- Caused by: ---\u001b[0m","      \u001b[36m# NoMethodError:\u001b[0m","      \u001b[36m#   undefined method `errors' for nil:NilClass\u001b[0m","      \u001b[36m#   ./app/views/users/show.html.erb:12:in `_app_views_users_show_html_erb__390621423511245908_23980'\u001b[0m","","  52) [STEP3] 仕上げのテスト 処理失敗時のテスト ユーザのプロフィール情報編集失敗: nameを1文字にする バリデーションエラーが表示される","      \u001b[31mFailure/Error: <% if @book.errors.any? %>\u001b[0m","      \u001b[31m\u001b[0m","      \u001b[31mActionView::Template::Error:\u001b[0m","      \u001b[31m  undefined method `errors' for nil:NilClass\u001b[0m","      \u001b[36m# ./app/views/users/show.html.erb:12:in `_app_views_users_show_html_erb__390621423511245908_23980'\u001b[0m","      \u001b[36m# ./app/controllers/users_controller.rb:43:in `update'\u001b[0m","      \u001b[36m# /home/ec2-user/.rvm/gems/ruby-3.1.2/gems/actiontext-6.1.7.4/lib/action_text/rendering.rb:20:in `with_renderer'\u001b[0m","      \u001b[36m# /home/ec2-user/.rvm/gems/ruby-3.1.2/gems/actiontext-6.1.7.4/lib/action_text/engine.rb:59:in `block (4 levels) in <class:Engine>'\u001b[0m","      \u001b[36m# /home/ec2-user/.rvm/gems/ruby-3.1.2/gems/warden-1.2.9/lib/warden/manager.rb:36:in `block in call'\u001b[0m","      \u001b[36m# /home/ec2-user/.rvm/gems/ruby-3.1.2/gems/warden-1.2.9/lib/warden/manager.rb:34:in `catch'\u001b[0m","      \u001b[36m# /home/ec2-user/.rvm/gems/ruby-3.1.2/gems/warden-1.2.9/lib/warden/manager.rb:34:in `call'\u001b[0m","      \u001b[36m# /home/ec2-user/.rvm/gems/ruby-3.1.2/gems/rack-2.2.8/lib/rack/tempfile_reaper.rb:15:in `call'\u001b[0m","      \u001b[36m# /home/ec2-user/.rvm/gems/ruby-3.1.2/gems/rack-2.2.8/lib/rack/etag.rb:27:in `call'\u001b[0m","      \u001b[36m# /home/ec2-user/.rvm/gems/ruby-3.1.2/gems/rack-2.2.8/lib/rack/conditional_get.rb:40:in `call'\u001b[0m","      \u001b[36m# /home/ec2-user/.rvm/gems/ruby-3.1.2/gems/rack-2.2.8/lib/rack/head.rb:12:in `call'\u001b[0m","      \u001b[36m# /home/ec2-user/.rvm/gems/ruby-3.1.2/gems/rack-2.2.8/lib/rack/session/abstract/id.rb:266:in `context'\u001b[0m","      \u001b[36m# /home/ec2-user/.rvm/gems/ruby-3.1.2/gems/rack-2.2.8/lib/rack/session/abstract/id.rb:260:in `call'\u001b[0m","      \u001b[36m# /home/ec2-user/.rvm/gems/ruby-3.1.2/gems/railties-6.1.7.4/lib/rails/rack/logger.rb:37:in `call_app'\u001b[0m","      \u001b[36m# /home/ec2-user/.rvm/gems/ruby-3.1.2/gems/railties-6.1.7.4/lib/rails/rack/logger.rb:26:in `block in call'\u001b[0m","      \u001b[36m# /home/ec2-user/.rvm/gems/ruby-3.1.2/gems/railties-6.1.7.4/lib/rails/rack/logger.rb:26:in `call'\u001b[0m","      \u001b[36m# /home/ec2-user/.rvm/gems/ruby-3.1.2/gems/rack-2.2.8/lib/rack/method_override.rb:24:in `call'\u001b[0m","      \u001b[36m# /home/ec2-user/.rvm/gems/ruby-3.1.2/gems/rack-2.2.8/lib/rack/runtime.rb:22:in `call'\u001b[0m","      \u001b[36m# /home/ec2-user/.rvm/gems/ruby-3.1.2/gems/rack-2.2.8/lib/rack/sendfile.rb:110:in `call'\u001b[0m","      \u001b[36m# /home/ec2-user/.rvm/gems/ruby-3.1.2/gems/railties-6.1.7.4/lib/rails/engine.rb:539:in `call'\u001b[0m","      \u001b[36m# /home/ec2-user/.rvm/gems/ruby-3.1.2/gems/rack-2.2.8/lib/rack/urlmap.rb:74:in `block in call'\u001b[0m","      \u001b[36m# /home/ec2-user/.rvm/gems/ruby-3.1.2/gems/rack-2.2.8/lib/rack/urlmap.rb:58:in `each'\u001b[0m","      \u001b[36m# /home/ec2-user/.rvm/gems/ruby-3.1.2/gems/rack-2.2.8/lib/rack/urlmap.rb:58:in `call'\u001b[0m","      \u001b[36m# /home/ec2-user/.rvm/gems/ruby-3.1.2/gems/rack-2.2.8/lib/rack/builder.rb:244:in `call'\u001b[0m","      \u001b[36m# /home/ec2-user/.rvm/gems/ruby-3.1.2/gems/rack-test-2.1.0/lib/rack/test.rb:360:in `process_request'\u001b[0m","      \u001b[36m# /home/ec2-user/.rvm/gems/ruby-3.1.2/gems/rack-test-2.1.0/lib/rack/test.rb:163:in `custom_request'\u001b[0m","      \u001b[36m# /home/ec2-user/.rvm/gems/ruby-3.1.2/gems/rack-test-2.1.0/lib/rack/test.rb:112:in `post'\u001b[0m","      \u001b[36m# /home/ec2-user/.rvm/gems/ruby-3.1.2/gems/capybara-3.39.2/lib/capybara/rack_test/browser.rb:80:in `process'\u001b[0m","      \u001b[36m# /home/ec2-user/.rvm/gems/ruby-3.1.2/gems/capybara-3.39.2/lib/capybara/rack_test/browser.rb:55:in `process_and_follow_redirects'\u001b[0m","      \u001b[36m# /home/ec2-user/.rvm/gems/ruby-3.1.2/gems/capybara-3.39.2/lib/capybara/rack_test/browser.rb:38:in `submit'\u001b[0m","      \u001b[36m# /home/ec2-user/.rvm/gems/ruby-3.1.2/gems/capybara-3.39.2/lib/capybara/rack_test/form.rb:57:in `submit'\u001b[0m","      \u001b[36m# /home/ec2-user/.rvm/gems/ruby-3.1.2/gems/capybara-3.39.2/lib/capybara/rack_test/node.rb:69:in `click'\u001b[0m","      \u001b[36m# /home/ec2-user/.rvm/gems/ruby-3.1.2/gems/capybara-3.39.2/lib/capybara/rack_test/node.rb:132:in `call'\u001b[0m","      \u001b[36m# /home/ec2-user/.rvm/gems/ruby-3.1.2/gems/capybara-3.39.2/lib/capybara/rack_test/node.rb:132:in `click'\u001b[0m","      \u001b[36m# /home/ec2-user/.rvm/gems/ruby-3.1.2/gems/capybara-3.39.2/lib/capybara/node/element.rb:172:in `block in click'\u001b[0m","      \u001b[36m# /home/ec2-user/.rvm/gems/ruby-3.1.2/gems/capybara-3.39.2/lib/capybara/node/element.rb:608:in `block in perform_click_action'\u001b[0m","      \u001b[36m# /home/ec2-user/.rvm/gems/ruby-3.1.2/gems/capybara-3.39.2/lib/capybara/node/base.rb:84:in `synchronize'\u001b[0m","      \u001b[36m# /home/ec2-user/.rvm/gems/ruby-3.1.2/gems/capybara-3.39.2/lib/capybara/node/element.rb:608:in `perform_click_action'\u001b[0m","      \u001b[36m# /home/ec2-user/.rvm/gems/ruby-3.1.2/gems/capybara-3.39.2/lib/capybara/node/element.rb:171:in `click'\u001b[0m","      \u001b[36m# /home/ec2-user/.rvm/gems/ruby-3.1.2/gems/capybara-3.39.2/lib/capybara/node/actions.rb:58:in `click_button'\u001b[0m","      \u001b[36m# /home/ec2-user/.rvm/gems/ruby-3.1.2/gems/capybara-3.39.2/lib/capybara/session.rb:773:in `click_button'\u001b[0m","      \u001b[36m# /home/ec2-user/.rvm/gems/ruby-3.1.2/gems/capybara-3.39.2/lib/capybara/dsl.rb:52:in `call'\u001b[0m","      \u001b[36m# /home/ec2-user/.rvm/gems/ruby-3.1.2/gems/capybara-3.39.2/lib/capybara/dsl.rb:52:in `click_button'\u001b[0m","      \u001b[36m# ./spec/system/03_finishing_touches_spec.rb:106:in `block (4 levels) in <main>'\u001b[0m","      \u001b[36m# ------------------\u001b[0m","      \u001b[36m# --- Caused by: ---\u001b[0m","      \u001b[36m# NoMethodError:\u001b[0m","      \u001b[36m#   undefined method `errors' for nil:NilClass\u001b[0m","      \u001b[36m#   ./app/views/users/show.html.erb:12:in `_app_views_users_show_html_erb__390621423511245908_23980'\u001b[0m","","  53) [STEP3] 仕上げのテスト 処理失敗時のテスト 投稿データの新規投稿失敗: 投稿一覧画面から行い、titleを空にする 投稿が保存されない","      \u001b[31mFailure/Error: fill_in 'book[body]', with: @body\u001b[0m","      \u001b[31m\u001b[0m","      \u001b[31mCapybara::ElementNotFound:\u001b[0m","      \u001b[31m  Unable to find field \"book[body]\" that is not disabled\u001b[0m","      \u001b[36m# /home/ec2-user/.rvm/gems/ruby-3.1.2/gems/capybara-3.39.2/lib/capybara/node/finders.rb:312:in `block in synced_resolve'\u001b[0m","      \u001b[36m# /home/ec2-user/.rvm/gems/ruby-3.1.2/gems/capybara-3.39.2/lib/capybara/node/base.rb:84:in `synchronize'\u001b[0m","      \u001b[36m# /home/ec2-user/.rvm/gems/ruby-3.1.2/gems/capybara-3.39.2/lib/capybara/node/finders.rb:301:in `synced_resolve'\u001b[0m","      \u001b[36m# /home/ec2-user/.rvm/gems/ruby-3.1.2/gems/capybara-3.39.2/lib/capybara/node/finders.rb:60:in `find'\u001b[0m","      \u001b[36m# /home/ec2-user/.rvm/gems/ruby-3.1.2/gems/capybara-3.39.2/lib/capybara/node/actions.rb:91:in `fill_in'\u001b[0m","      \u001b[36m# /home/ec2-user/.rvm/gems/ruby-3.1.2/gems/capybara-3.39.2/lib/capybara/session.rb:773:in `fill_in'\u001b[0m","      \u001b[36m# /home/ec2-user/.rvm/gems/ruby-3.1.2/gems/capybara-3.39.2/lib/capybara/dsl.rb:52:in `call'\u001b[0m","      \u001b[36m# /home/ec2-user/.rvm/gems/ruby-3.1.2/gems/capybara-3.39.2/lib/capybara/dsl.rb:52:in `fill_in'\u001b[0m","      \u001b[36m# ./spec/system/03_finishing_touches_spec.rb:128:in `block (4 levels) in <main>'\u001b[0m","","  54) [STEP3] 仕上げのテスト 処理失敗時のテスト 投稿データの新規投稿失敗: 投稿一覧画面から行い、titleを空にする 投稿一覧画面を表示している","      \u001b[31mFailure/Error: fill_in 'book[body]', with: @body\u001b[0m","      \u001b[31m\u001b[0m","      \u001b[31mCapybara::ElementNotFound:\u001b[0m","      \u001b[31m  Unable to find field \"book[body]\" that is not disabled\u001b[0m","      \u001b[36m# /home/ec2-user/.rvm/gems/ruby-3.1.2/gems/capybara-3.39.2/lib/capybara/node/finders.rb:312:in `block in synced_resolve'\u001b[0m","      \u001b[36m# /home/ec2-user/.rvm/gems/ruby-3.1.2/gems/capybara-3.39.2/lib/capybara/node/base.rb:84:in `synchronize'\u001b[0m","      \u001b[36m# /home/ec2-user/.rvm/gems/ruby-3.1.2/gems/capybara-3.39.2/lib/capybara/node/finders.rb:301:in `synced_resolve'\u001b[0m","      \u001b[36m# /home/ec2-user/.rvm/gems/ruby-3.1.2/gems/capybara-3.39.2/lib/capybara/node/finders.rb:60:in `find'\u001b[0m","      \u001b[36m# /home/ec2-user/.rvm/gems/ruby-3.1.2/gems/capybara-3.39.2/lib/capybara/node/actions.rb:91:in `fill_in'\u001b[0m","      \u001b[36m# /home/ec2-user/.rvm/gems/ruby-3.1.2/gems/capybara-3.39.2/lib/capybara/session.rb:773:in `fill_in'\u001b[0m","      \u001b[36m# /home/ec2-user/.rvm/gems/ruby-3.1.2/gems/capybara-3.39.2/lib/capybara/dsl.rb:52:in `call'\u001b[0m","      \u001b[36m# /home/ec2-user/.rvm/gems/ruby-3.1.2/gems/capybara-3.39.2/lib/capybara/dsl.rb:52:in `fill_in'\u001b[0m","      \u001b[36m# ./spec/system/03_finishing_touches_spec.rb:128:in `block (4 levels) in <main>'\u001b[0m","","  55) [STEP3] 仕上げのテスト 処理失敗時のテスト 投稿データの新規投稿失敗: 投稿一覧画面から行い、titleを空にする 新規投稿フォームの内容が正しい","      \u001b[31mFailure/Error: fill_in 'book[body]', with: @body\u001b[0m","      \u001b[31m\u001b[0m","      \u001b[31mCapybara::ElementNotFound:\u001b[0m","      \u001b[31m  Unable to find field \"book[body]\" that is not disabled\u001b[0m","      \u001b[36m# /home/ec2-user/.rvm/gems/ruby-3.1.2/gems/capybara-3.39.2/lib/capybara/node/finders.rb:312:in `block in synced_resolve'\u001b[0m","      \u001b[36m# /home/ec2-user/.rvm/gems/ruby-3.1.2/gems/capybara-3.39.2/lib/capybara/node/base.rb:84:in `synchronize'\u001b[0m","      \u001b[36m# /home/ec2-user/.rvm/gems/ruby-3.1.2/gems/capybara-3.39.2/lib/capybara/node/finders.rb:301:in `synced_resolve'\u001b[0m","      \u001b[36m# /home/ec2-user/.rvm/gems/ruby-3.1.2/gems/capybara-3.39.2/lib/capybara/node/finders.rb:60:in `find'\u001b[0m","      \u001b[36m# /home/ec2-user/.rvm/gems/ruby-3.1.2/gems/capybara-3.39.2/lib/capybara/node/actions.rb:91:in `fill_in'\u001b[0m","      \u001b[36m# /home/ec2-user/.rvm/gems/ruby-3.1.2/gems/capybara-3.39.2/lib/capybara/session.rb:773:in `fill_in'\u001b[0m","      \u001b[36m# /home/ec2-user/.rvm/gems/ruby-3.1.2/gems/capybara-3.39.2/lib/capybara/dsl.rb:52:in `call'\u001b[0m","      \u001b[36m# /home/ec2-user/.rvm/gems/ruby-3.1.2/gems/capybara-3.39.2/lib/capybara/dsl.rb:52:in `fill_in'\u001b[0m","      \u001b[36m# ./spec/system/03_finishing_touches_spec.rb:128:in `block (4 levels) in <main>'\u001b[0m","","  56) [STEP3] 仕上げのテスト 処理失敗時のテスト 投稿データの新規投稿失敗: 投稿一覧画面から行い、titleを空にする バリデーションエラーが表示される","      \u001b[31mFailure/Error: fill_in 'book[body]', with: @body\u001b[0m","      \u001b[31m\u001b[0m","      \u001b[31mCapybara::ElementNotFound:\u001b[0m","      \u001b[31m  Unable to find field \"book[body]\" that is not disabled\u001b[0m","      \u001b[36m# /home/ec2-user/.rvm/gems/ruby-3.1.2/gems/capybara-3.39.2/lib/capybara/node/finders.rb:312:in `block in synced_resolve'\u001b[0m","      \u001b[36m# /home/ec2-user/.rvm/gems/ruby-3.1.2/gems/capybara-3.39.2/lib/capybara/node/base.rb:84:in `synchronize'\u001b[0m","      \u001b[36m# /home/ec2-user/.rvm/gems/ruby-3.1.2/gems/capybara-3.39.2/lib/capybara/node/finders.rb:301:in `synced_resolve'\u001b[0m","      \u001b[36m# /home/ec2-user/.rvm/gems/ruby-3.1.2/gems/capybara-3.39.2/lib/capybara/node/finders.rb:60:in `find'\u001b[0m","      \u001b[36m# /home/ec2-user/.rvm/gems/ruby-3.1.2/gems/capybara-3.39.2/lib/capybara/node/actions.rb:91:in `fill_in'\u001b[0m","      \u001b[36m# /home/ec2-user/.rvm/gems/ruby-3.1.2/gems/capybara-3.39.2/lib/capybara/session.rb:773:in `fill_in'\u001b[0m","      \u001b[36m# /home/ec2-user/.rvm/gems/ruby-3.1.2/gems/capybara-3.39.2/lib/capybara/dsl.rb:52:in `call'\u001b[0m","      \u001b[36m# /home/ec2-user/.rvm/gems/ruby-3.1.2/gems/capybara-3.39.2/lib/capybara/dsl.rb:52:in `fill_in'\u001b[0m","      \u001b[36m# ./spec/system/03_finishing_touches_spec.rb:128:in `block (4 levels) in <main>'\u001b[0m","","  57) [STEP3] 仕上げのテスト 処理失敗時のテスト 投稿データの更新失敗: titleを空にする 投稿が更新されない","      \u001b[31mFailure/Error: fill_in 'book[title]', with: ''\u001b[0m","      \u001b[31m\u001b[0m","      \u001b[31mCapybara::ElementNotFound:\u001b[0m","      \u001b[31m  Unable to find field \"book[title]\" that is not disabled\u001b[0m","      \u001b[36m# /home/ec2-user/.rvm/gems/ruby-3.1.2/gems/capybara-3.39.2/lib/capybara/node/finders.rb:312:in `block in synced_resolve'\u001b[0m","      \u001b[36m# /home/ec2-user/.rvm/gems/ruby-3.1.2/gems/capybara-3.39.2/lib/capybara/node/base.rb:84:in `synchronize'\u001b[0m","      \u001b[36m# /home/ec2-user/.rvm/gems/ruby-3.1.2/gems/capybara-3.39.2/lib/capybara/node/finders.rb:301:in `synced_resolve'\u001b[0m","      \u001b[36m# /home/ec2-user/.rvm/gems/ruby-3.1.2/gems/capybara-3.39.2/lib/capybara/node/finders.rb:60:in `find'\u001b[0m","      \u001b[36m# /home/ec2-user/.rvm/gems/ruby-3.1.2/gems/capybara-3.39.2/lib/capybara/node/actions.rb:91:in `fill_in'\u001b[0m","      \u001b[36m# /home/ec2-user/.rvm/gems/ruby-3.1.2/gems/capybara-3.39.2/lib/capybara/session.rb:773:in `fill_in'\u001b[0m","      \u001b[36m# /home/ec2-user/.rvm/gems/ruby-3.1.2/gems/capybara-3.39.2/lib/capybara/dsl.rb:52:in `call'\u001b[0m","      \u001b[36m# /home/ec2-user/.rvm/gems/ruby-3.1.2/gems/capybara-3.39.2/lib/capybara/dsl.rb:52:in `fill_in'\u001b[0m","      \u001b[36m# ./spec/system/03_finishing_touches_spec.rb:158:in `block (4 levels) in <main>'\u001b[0m","","  58) [STEP3] 仕上げのテスト 処理失敗時のテスト 投稿データの更新失敗: titleを空にする 投稿編集画面を表示しており、フォームの内容が正しい","      \u001b[31mFailure/Error: fill_in 'book[title]', with: ''\u001b[0m","      \u001b[31m\u001b[0m","      \u001b[31mCapybara::ElementNotFound:\u001b[0m","      \u001b[31m  Unable to find field \"book[title]\" that is not disabled\u001b[0m","      \u001b[36m# /home/ec2-user/.rvm/gems/ruby-3.1.2/gems/capybara-3.39.2/lib/capybara/node/finders.rb:312:in `block in synced_resolve'\u001b[0m","      \u001b[36m# /home/ec2-user/.rvm/gems/ruby-3.1.2/gems/capybara-3.39.2/lib/capybara/node/base.rb:84:in `synchronize'\u001b[0m","      \u001b[36m# /home/ec2-user/.rvm/gems/ruby-3.1.2/gems/capybara-3.39.2/lib/capybara/node/finders.rb:301:in `synced_resolve'\u001b[0m","      \u001b[36m# /home/ec2-user/.rvm/gems/ruby-3.1.2/gems/capybara-3.39.2/lib/capybara/node/finders.rb:60:in `find'\u001b[0m","      \u001b[36m# /home/ec2-user/.rvm/gems/ruby-3.1.2/gems/capybara-3.39.2/lib/capybara/node/actions.rb:91:in `fill_in'\u001b[0m","      \u001b[36m# /home/ec2-user/.rvm/gems/ruby-3.1.2/gems/capybara-3.39.2/lib/capybara/session.rb:773:in `fill_in'\u001b[0m","      \u001b[36m# /home/ec2-user/.rvm/gems/ruby-3.1.2/gems/capybara-3.39.2/lib/capybara/dsl.rb:52:in `call'\u001b[0m","      \u001b[36m# /home/ec2-user/.rvm/gems/ruby-3.1.2/gems/capybara-3.39.2/lib/capybara/dsl.rb:52:in `fill_in'\u001b[0m","      \u001b[36m# ./spec/system/03_finishing_touches_spec.rb:158:in `block (4 levels) in <main>'\u001b[0m","","  59) [STEP3] 仕上げのテスト 処理失敗時のテスト 投稿データの更新失敗: titleを空にする エラーメッセージが表示される","      \u001b[31mFailure/Error: fill_in 'book[title]', with: ''\u001b[0m","      \u001b[31m\u001b[0m","      \u001b[31mCapybara::ElementNotFound:\u001b[0m","      \u001b[31m  Unable to find field \"book[title]\" that is not disabled\u001b[0m","      \u001b[36m# /home/ec2-user/.rvm/gems/ruby-3.1.2/gems/capybara-3.39.2/lib/capybara/node/finders.rb:312:in `block in synced_resolve'\u001b[0m","      \u001b[36m# /home/ec2-user/.rvm/gems/ruby-3.1.2/gems/capybara-3.39.2/lib/capybara/node/base.rb:84:in `synchronize'\u001b[0m","      \u001b[36m# /home/ec2-user/.rvm/gems/ruby-3.1.2/gems/capybara-3.39.2/lib/capybara/node/finders.rb:301:in `synced_resolve'\u001b[0m","      \u001b[36m# /home/ec2-user/.rvm/gems/ruby-3.1.2/gems/capybara-3.39.2/lib/capybara/node/finders.rb:60:in `find'\u001b[0m","      \u001b[36m# /home/ec2-user/.rvm/gems/ruby-3.1.2/gems/capybara-3.39.2/lib/capybara/node/actions.rb:91:in `fill_in'\u001b[0m","      \u001b[36m# /home/ec2-user/.rvm/gems/ruby-3.1.2/gems/capybara-3.39.2/lib/capybara/session.rb:773:in `fill_in'\u001b[0m","      \u001b[36m# /home/ec2-user/.rvm/gems/ruby-3.1.2/gems/capybara-3.39.2/lib/capybara/dsl.rb:52:in `call'\u001b[0m","      \u001b[36m# /home/ec2-user/.rvm/gems/ruby-3.1.2/gems/capybara-3.39.2/lib/capybara/dsl.rb:52:in `fill_in'\u001b[0m","      \u001b[36m# ./spec/system/03_finishing_touches_spec.rb:158:in `block (4 levels) in <main>'\u001b[0m","","  60) [STEP3] 仕上げのテスト ログインしていない場合のアクセス制限のテスト: アクセスできず、ログイン画面に遷移する ユーザ一覧画面","      \u001b[31mFailure/Error: <%= image_tag @user.get_profile_image(100,100) %>\u001b[0m","      \u001b[31m\u001b[0m","      \u001b[31mActionView::Template::Error:\u001b[0m","      \u001b[31m  undefined method `get_profile_image' for nil:NilClass\u001b[0m","      \u001b[36m# ./app/views/users/index.html.erb:21:in `_app_views_users_index_html_erb___1119850142601457837_26560'\u001b[0m","      \u001b[36m# /home/ec2-user/.rvm/gems/ruby-3.1.2/gems/actiontext-6.1.7.4/lib/action_text/rendering.rb:20:in `with_renderer'\u001b[0m","      \u001b[36m# /home/ec2-user/.rvm/gems/ruby-3.1.2/gems/actiontext-6.1.7.4/lib/action_text/engine.rb:59:in `block (4 levels) in <class:Engine>'\u001b[0m","      \u001b[36m# /home/ec2-user/.rvm/gems/ruby-3.1.2/gems/warden-1.2.9/lib/warden/manager.rb:36:in `block in call'\u001b[0m","      \u001b[36m# /home/ec2-user/.rvm/gems/ruby-3.1.2/gems/warden-1.2.9/lib/warden/manager.rb:34:in `catch'\u001b[0m","      \u001b[36m# /home/ec2-user/.rvm/gems/ruby-3.1.2/gems/warden-1.2.9/lib/warden/manager.rb:34:in `call'\u001b[0m","      \u001b[36m# /home/ec2-user/.rvm/gems/ruby-3.1.2/gems/rack-2.2.8/lib/rack/tempfile_reaper.rb:15:in `call'\u001b[0m","      \u001b[36m# /home/ec2-user/.rvm/gems/ruby-3.1.2/gems/rack-2.2.8/lib/rack/etag.rb:27:in `call'\u001b[0m","      \u001b[36m# /home/ec2-user/.rvm/gems/ruby-3.1.2/gems/rack-2.2.8/lib/rack/conditional_get.rb:27:in `call'\u001b[0m","      \u001b[36m# /home/ec2-user/.rvm/gems/ruby-3.1.2/gems/rack-2.2.8/lib/rack/head.rb:12:in `call'\u001b[0m","      \u001b[36m# /home/ec2-user/.rvm/gems/ruby-3.1.2/gems/rack-2.2.8/lib/rack/session/abstract/id.rb:266:in `context'\u001b[0m","      \u001b[36m# /home/ec2-user/.rvm/gems/ruby-3.1.2/gems/rack-2.2.8/lib/rack/session/abstract/id.rb:260:in `call'\u001b[0m","      \u001b[36m# /home/ec2-user/.rvm/gems/ruby-3.1.2/gems/railties-6.1.7.4/lib/rails/rack/logger.rb:37:in `call_app'\u001b[0m","      \u001b[36m# /home/ec2-user/.rvm/gems/ruby-3.1.2/gems/railties-6.1.7.4/lib/rails/rack/logger.rb:26:in `block in call'\u001b[0m","      \u001b[36m# /home/ec2-user/.rvm/gems/ruby-3.1.2/gems/railties-6.1.7.4/lib/rails/rack/logger.rb:26:in `call'\u001b[0m","      \u001b[36m# /home/ec2-user/.rvm/gems/ruby-3.1.2/gems/rack-2.2.8/lib/rack/method_override.rb:24:in `call'\u001b[0m","      \u001b[36m# /home/ec2-user/.rvm/gems/ruby-3.1.2/gems/rack-2.2.8/lib/rack/runtime.rb:22:in `call'\u001b[0m","      \u001b[36m# /home/ec2-user/.rvm/gems/ruby-3.1.2/gems/rack-2.2.8/lib/rack/sendfile.rb:110:in `call'\u001b[0m","      \u001b[36m# /home/ec2-user/.rvm/gems/ruby-3.1.2/gems/railties-6.1.7.4/lib/rails/engine.rb:539:in `call'\u001b[0m","      \u001b[36m# /home/ec2-user/.rvm/gems/ruby-3.1.2/gems/rack-2.2.8/lib/rack/urlmap.rb:74:in `block in call'\u001b[0m","      \u001b[36m# /home/ec2-user/.rvm/gems/ruby-3.1.2/gems/rack-2.2.8/lib/rack/urlmap.rb:58:in `each'\u001b[0m","      \u001b[36m# /home/ec2-user/.rvm/gems/ruby-3.1.2/gems/rack-2.2.8/lib/rack/urlmap.rb:58:in `call'\u001b[0m","      \u001b[36m# /home/ec2-user/.rvm/gems/ruby-3.1.2/gems/rack-2.2.8/lib/rack/builder.rb:244:in `call'\u001b[0m","      \u001b[36m# /home/ec2-user/.rvm/gems/ruby-3.1.2/gems/rack-test-2.1.0/lib/rack/test.rb:360:in `process_request'\u001b[0m","      \u001b[36m# /home/ec2-user/.rvm/gems/ruby-3.1.2/gems/rack-test-2.1.0/lib/rack/test.rb:163:in `custom_request'\u001b[0m","      \u001b[36m# /home/ec2-user/.rvm/gems/ruby-3.1.2/gems/rack-test-2.1.0/lib/rack/test.rb:112:in `get'\u001b[0m","      \u001b[36m# /home/ec2-user/.rvm/gems/ruby-3.1.2/gems/capybara-3.39.2/lib/capybara/rack_test/browser.rb:80:in `process'\u001b[0m","      \u001b[36m# /home/ec2-user/.rvm/gems/ruby-3.1.2/gems/capybara-3.39.2/lib/capybara/rack_test/browser.rb:55:in `process_and_follow_redirects'\u001b[0m","      \u001b[36m# /home/ec2-user/.rvm/gems/ruby-3.1.2/gems/capybara-3.39.2/lib/capybara/rack_test/browser.rb:26:in `visit'\u001b[0m","      \u001b[36m# /home/ec2-user/.rvm/gems/ruby-3.1.2/gems/capybara-3.39.2/lib/capybara/rack_test/driver.rb:46:in `visit'\u001b[0m","      \u001b[36m# /home/ec2-user/.rvm/gems/ruby-3.1.2/gems/capybara-3.39.2/lib/capybara/session.rb:280:in `visit'\u001b[0m","      \u001b[36m# /home/ec2-user/.rvm/gems/ruby-3.1.2/gems/capybara-3.39.2/lib/capybara/dsl.rb:52:in `call'\u001b[0m","      \u001b[36m# /home/ec2-user/.rvm/gems/ruby-3.1.2/gems/capybara-3.39.2/lib/capybara/dsl.rb:52:in `visit'\u001b[0m","      \u001b[36m# ./spec/system/03_finishing_touches_spec.rb:180:in `block (3 levels) in <main>'\u001b[0m","      \u001b[36m# ------------------\u001b[0m","      \u001b[36m# --- Caused by: ---\u001b[0m","      \u001b[36m# NoMethodError:\u001b[0m","      \u001b[36m#   undefined method `get_profile_image' for nil:NilClass\u001b[0m","      \u001b[36m#   ./app/views/users/index.html.erb:21:in `_app_views_users_index_html_erb___1119850142601457837_26560'\u001b[0m","","  61) [STEP3] 仕上げのテスト ログインしていない場合のアクセス制限のテスト: アクセスできず、ログイン画面に遷移する ユーザ詳細画面","      \u001b[31mFailure/Error: is_expected.to eq '/users/sign_in'\u001b[0m","      \u001b[31m\u001b[0m","      \u001b[31m  expected: \"/users/sign_in\"\u001b[0m","      \u001b[31m       got: \"/users/1\"\u001b[0m","      \u001b[31m\u001b[0m","      \u001b[31m  (compared using ==)\u001b[0m","      \u001b[36m# ./spec/system/03_finishing_touches_spec.rb:185:in `block (3 levels) in <main>'\u001b[0m","","  62) [STEP3] 仕上げのテスト ログインしていない場合のアクセス制限のテスト: アクセスできず、ログイン画面に遷移する ユーザ情報編集画面","      \u001b[31mFailure/Error: is_expected.to eq '/users/sign_in'\u001b[0m","      \u001b[31m\u001b[0m","      \u001b[31m  expected: \"/users/sign_in\"\u001b[0m","      \u001b[31m       got: \"/users/1/edit\"\u001b[0m","      \u001b[31m\u001b[0m","      \u001b[31m  (compared using ==)\u001b[0m","      \u001b[36m# ./spec/system/03_finishing_touches_spec.rb:189:in `block (3 levels) in <main>'\u001b[0m","","  63) [STEP3] 仕上げのテスト ログインしていない場合のアクセス制限のテスト: アクセスできず、ログイン画面に遷移する 投稿一覧画面","      \u001b[31mFailure/Error: is_expected.to eq '/users/sign_in'\u001b[0m","      \u001b[31m\u001b[0m","      \u001b[31m  expected: \"/users/sign_in\"\u001b[0m","      \u001b[31m       got: \"/books\"\u001b[0m","      \u001b[31m\u001b[0m","      \u001b[31m  (compared using ==)\u001b[0m","      \u001b[36m# ./spec/system/03_finishing_touches_spec.rb:193:in `block (3 levels) in <main>'\u001b[0m","","  64) [STEP3] 仕上げのテスト ログインしていない場合のアクセス制限のテスト: アクセスできず、ログイン画面に遷移する 投稿詳細画面","      \u001b[31mFailure/Error: is_expected.to eq '/users/sign_in'\u001b[0m","      \u001b[31m\u001b[0m","      \u001b[31m  expected: \"/users/sign_in\"\u001b[0m","      \u001b[31m       got: \"/books/1\"\u001b[0m","      \u001b[31m\u001b[0m","      \u001b[31m  (compared using ==)\u001b[0m","      \u001b[36m# ./spec/system/03_finishing_touches_spec.rb:197:in `block (3 levels) in <main>'\u001b[0m","","  65) [STEP3] 仕上げのテスト ログインしていない場合のアクセス制限のテスト: アクセスできず、ログイン画面に遷移する 投稿編集画面","      \u001b[31mFailure/Error: is_expected.to eq '/users/sign_in'\u001b[0m","      \u001b[31m\u001b[0m","      \u001b[31m  expected: \"/users/sign_in\"\u001b[0m","      \u001b[31m       got: \"/books/1/edit\"\u001b[0m","      \u001b[31m\u001b[0m","      \u001b[31m  (compared using ==)\u001b[0m","      \u001b[36m# ./spec/system/03_finishing_touches_spec.rb:201:in `block (3 levels) in <main>'\u001b[0m","","  66) [STEP3] 仕上げのテスト 他人の画面のテスト 他人の投稿詳細画面のテスト 表示内容の確認 「Book detail」と表示される","      \u001b[31mFailure/Error: expect(page).to have_content 'Book detail'\u001b[0m","      \u001b[31m  expected to find text \"Book detail\" in \"Bookers\\nHome Users Books Log out\\nTitle: 0qlhr\\nBody: n6fil8f2zauzm0i0iiq9\\nCopyRight Infratop.inc\"\u001b[0m","      \u001b[36m# ./spec/system/03_finishing_touches_spec.rb:223:in `block (5 levels) in <main>'\u001b[0m","","  67) [STEP3] 仕上げのテスト 他人の画面のテスト 他人の投稿詳細画面のテスト 表示内容の確認 ユーザ画像・名前のリンク先が正しい","      \u001b[31mFailure/Error: expect(page).to have_link other_book.user.name, href: user_path(other_book.user)\u001b[0m","      \u001b[31m  expected to find link \"tpvxpr0j7x\" with href \"/users/2\" but there were no matches\u001b[0m","      \u001b[36m# ./spec/system/03_finishing_touches_spec.rb:226:in `block (5 levels) in <main>'\u001b[0m","","  68) [STEP3] 仕上げのテスト 他人の画面のテスト 他人の投稿詳細画面のテスト サイドバーの確認 他人の名前と紹介文が表示される","      \u001b[31mFailure/Error: expect(page).to have_content other_user.name\u001b[0m","      \u001b[31m  expected to find text \"yv5mpp0mbe\" in \"Bookers\\nHome Users Books Log out\\nTitle: dgneg\\nBody: bzdatby0s2jmo04o05pw\\nCopyRight Infratop.inc\"\u001b[0m","      \u001b[36m# ./spec/system/03_finishing_touches_spec.rb:244:in `block (5 levels) in <main>'\u001b[0m","","  69) [STEP3] 仕上げのテスト 他人の画面のテスト 他人の投稿詳細画面のテスト サイドバーの確認 他人のユーザ編集画面へのリンクが存在する","      \u001b[31mFailure/Error: expect(page).to have_link '', href: edit_user_path(other_user)\u001b[0m","      \u001b[31m  expected to find link \"\" with href \"/users/2/edit\" but there were no matches\u001b[0m","      \u001b[36m# ./spec/system/03_finishing_touches_spec.rb:248:in `block (5 levels) in <main>'\u001b[0m","","  70) [STEP3] 仕上げのテスト 他人の画面のテスト 他人の投稿編集画面 遷移できず、投稿一覧画面にリダイレクトされる","      \u001b[31mFailure/Error: expect(current_path).to eq '/books'\u001b[0m","      \u001b[31m\u001b[0m","      \u001b[31m  expected: \"/books\"\u001b[0m","      \u001b[31m       got: \"/books/3/edit\"\u001b[0m","      \u001b[31m\u001b[0m","      \u001b[31m  (compared using ==)\u001b[0m","      \u001b[36m# ./spec/system/03_finishing_touches_spec.rb:269:in `block (4 levels) in <main>'\u001b[0m","","  71) [STEP3] 仕上げのテスト 他人の画面のテスト 他人のユーザ詳細画面のテスト 表示の確認 投稿一覧のユーザ画像のリンク先が正しい","      \u001b[31mFailure/Error: expect(page).to have_link '', href: user_path(other_user)\u001b[0m","      \u001b[31m  expected to find link \"\" with href \"/users/2\" but there were no matches\u001b[0m","      \u001b[36m# ./spec/system/03_finishing_touches_spec.rb:283:in `block (5 levels) in <main>'\u001b[0m","","  72) [STEP3] 仕上げのテスト 他人の画面のテスト 他人のユーザ情報編集画面 遷移できず、自分のユーザ詳細画面にリダイレクトされる","      \u001b[31mFailure/Error: expect(current_path).to eq '/users/' + user.id.to_s\u001b[0m","      \u001b[31m\u001b[0m","      \u001b[31m  expected: \"/users/1\"\u001b[0m","      \u001b[31m       got: \"/users/2/edit\"\u001b[0m","      \u001b[31m\u001b[0m","      \u001b[31m  (compared using ==)\u001b[0m","      \u001b[36m# ./spec/system/03_finishing_touches_spec.rb:318:in `block (4 levels) in <main>'\u001b[0m","","  73) [STEP3] 仕上げのテスト グリッドシステムのテスト: container, row, col-md-〇を正しく使えている ユーザ一覧画面","      \u001b[31mFailure/Error: is_expected.to have_selector '.container .row .col-md-3'\u001b[0m","      \u001b[31m  expected to find css \".container .row .col-md-3\" but there were no matches\u001b[0m","      \u001b[36m# ./spec/system/03_finishing_touches_spec.rb:335:in `block (3 levels) in <main>'\u001b[0m","","  74) [STEP3] 仕上げのテスト グリッドシステムのテスト: container, row, col-md-〇を正しく使えている ユーザ詳細画面","      \u001b[31mFailure/Error: is_expected.to have_selector '.container .row .col-md-3'\u001b[0m","      \u001b[31m  expected to find css \".container .row .col-md-3\" but there were no matches\u001b[0m","      \u001b[36m# ./spec/system/03_finishing_touches_spec.rb:340:in `block (3 levels) in <main>'\u001b[0m","","  75) [STEP3] 仕上げのテスト グリッドシステムのテスト: container, row, col-md-〇を正しく使えている 投稿一覧画面","      \u001b[31mFailure/Error: is_expected.to have_selector '.container .row .col-md-3'\u001b[0m","      \u001b[31m  expected to find css \".container .row .col-md-3\" but there were no matches\u001b[0m","      \u001b[36m# ./spec/system/03_finishing_touches_spec.rb:345:in `block (3 levels) in <main>'\u001b[0m","","  76) [STEP3] 仕上げのテスト グリッドシステムのテスト: container, row, col-md-〇を正しく使えている 投稿詳細画面","      \u001b[31mFailure/Error: is_expected.to have_selector '.container .row .col-md-3'\u001b[0m","      \u001b[31m  expected to find css \".container .row .col-md-3\" but there were no matches\u001b[0m","      \u001b[36m# ./spec/system/03_finishing_touches_spec.rb:350:in `block (3 levels) in <main>'\u001b[0m","","  77) [STEP3] 仕上げのテスト アイコンのテスト ヘッダー: ログインしている場合 Log outリンクのアイコンが表示される","      \u001b[31mFailure/Error: is_expected.to have_selector '.fa-solid.fa-sign-out-alt, .fas.fa-sign-out-alt'\u001b[0m","      \u001b[31m  expected to find css \".fa-solid.fa-sign-out-alt, .fas.fa-sign-out-alt\" but there were no matches\u001b[0m","      \u001b[36m# ./spec/system/03_finishing_touches_spec.rb:421:in `block (4 levels) in <main>'\u001b[0m","","  78) [STEP3] 仕上げのテスト アイコンのテスト サイドバー 投稿一覧画面でレンチアイコンが表示される","      \u001b[31mFailure/Error: is_expected.to have_selector '.fa-solid.fa-user-cog, .fas.fa-user-cog'\u001b[0m","      \u001b[31m  expected to find css \".fa-solid.fa-user-cog, .fas.fa-user-cog\" but there were no matches\u001b[0m","      \u001b[36m# ./spec/system/03_finishing_touches_spec.rb:445:in `block (4 levels) in <main>'\u001b[0m","","  79) [STEP3] 仕上げのテスト アイコンのテスト サイドバー 投稿詳細画面でレンチアイコンが表示される","      \u001b[31mFailure/Error: is_expected.to have_selector '.fa-solid.fa-user-cog, .fas.fa-user-cog'\u001b[0m","      \u001b[31m  expected to find css \".fa-solid.fa-user-cog, .fas.fa-user-cog\" but there were no matches\u001b[0m","      \u001b[36m# ./spec/system/03_finishing_touches_spec.rb:449:in `block (4 levels) in <main>'\u001b[0m","","Finished in 19.85 seconds (files took 2.91 seconds to load)","\u001b[31m199 examples, 79 failures\u001b[0m","","Failed examples:","","\u001b[31mrspec ./spec/system/02_after_login_spec.rb:20\u001b[0m \u001b[36m# [STEP2] ユーザログイン後のテスト ヘッダーのテスト: ログインしている場合 リンクの内容を確認: ※logoutは『ユーザログアウトのテスト』でテスト済みになります。 Homeを押すと、自分のユーザ詳細画面に遷移する\u001b[0m","\u001b[31mrspec ./spec/system/02_after_login_spec.rb:50\u001b[0m \u001b[36m# [STEP2] ユーザログイン後のテスト 投稿一覧画面のテスト 表示内容の確認 自分と他人の画像のリンク先が正しい\u001b[0m","\u001b[31mrspec ./spec/system/02_after_login_spec.rb:54\u001b[0m \u001b[36m# [STEP2] ユーザログイン後のテスト 投稿一覧画面のテスト 表示内容の確認 自分の投稿と他人の投稿のタイトルのリンク先がそれぞれ正しい\u001b[0m","\u001b[31mrspec ./spec/system/02_after_login_spec.rb:58\u001b[0m \u001b[36m# [STEP2] ユーザログイン後のテスト 投稿一覧画面のテスト 表示内容の確認 自分の投稿と他人の投稿のオピニオンが表示される\u001b[0m","\u001b[31mrspec ./spec/system/02_after_login_spec.rb:65\u001b[0m \u001b[36m# [STEP2] ユーザログイン後のテスト 投稿一覧画面のテスト サイドバーの確認 自分の名前と紹介文が表示される\u001b[0m","\u001b[31mrspec ./spec/system/02_after_login_spec.rb:69\u001b[0m \u001b[36m# [STEP2] ユーザログイン後のテスト 投稿一覧画面のテスト サイドバーの確認 自分のユーザ編集画面へのリンクが存在する\u001b[0m","\u001b[31mrspec ./spec/system/02_after_login_spec.rb:72\u001b[0m \u001b[36m# [STEP2] ユーザログイン後のテスト 投稿一覧画面のテスト サイドバーの確認 「New book」と表示される\u001b[0m","\u001b[31mrspec ./spec/system/02_after_login_spec.rb:75\u001b[0m \u001b[36m# [STEP2] ユーザログイン後のテスト 投稿一覧画面のテスト サイドバーの確認 titleフォームが表示される\u001b[0m","\u001b[31mrspec ./spec/system/02_after_login_spec.rb:78\u001b[0m \u001b[36m# [STEP2] ユーザログイン後のテスト 投稿一覧画面のテスト サイドバーの確認 titleフォームに値が入っていない\u001b[0m","\u001b[31mrspec ./spec/system/02_after_login_spec.rb:81\u001b[0m \u001b[36m# [STEP2] ユーザログイン後のテスト 投稿一覧画面のテスト サイドバーの確認 bodyフォームが表示される\u001b[0m","\u001b[31mrspec ./spec/system/02_after_login_spec.rb:84\u001b[0m \u001b[36m# [STEP2] ユーザログイン後のテスト 投稿一覧画面のテスト サイドバーの確認 bodyフォームに値が入っていない\u001b[0m","\u001b[31mrspec ./spec/system/02_after_login_spec.rb:87\u001b[0m \u001b[36m# [STEP2] ユーザログイン後のテスト 投稿一覧画面のテスト サイドバーの確認 Create Bookボタンが表示される\u001b[0m","\u001b[31mrspec ./spec/system/02_after_login_spec.rb:98\u001b[0m \u001b[36m# [STEP2] ユーザログイン後のテスト 投稿一覧画面のテスト 投稿成功のテスト 自分の新しい投稿が正しく保存される\u001b[0m","\u001b[31mrspec ./spec/system/02_after_login_spec.rb:101\u001b[0m \u001b[36m# [STEP2] ユーザログイン後のテスト 投稿一覧画面のテスト 投稿成功のテスト リダイレクト先が、保存できた投稿の詳細画面になっている\u001b[0m","\u001b[31mrspec ./spec/system/02_after_login_spec.rb:117\u001b[0m \u001b[36m# [STEP2] ユーザログイン後のテスト 自分の投稿詳細画面のテスト 表示内容の確認 「Book detail」と表示される\u001b[0m","\u001b[31mrspec ./spec/system/02_after_login_spec.rb:120\u001b[0m \u001b[36m# [STEP2] ユーザログイン後のテスト 自分の投稿詳細画面のテスト 表示内容の確認 ユーザ画像・名前のリンク先が正しい\u001b[0m","\u001b[31mrspec ./spec/system/02_after_login_spec.rb:129\u001b[0m \u001b[36m# [STEP2] ユーザログイン後のテスト 自分の投稿詳細画面のテスト 表示内容の確認 投稿の編集リンクが表示される\u001b[0m","\u001b[31mrspec ./spec/system/02_after_login_spec.rb:132\u001b[0m \u001b[36m# [STEP2] ユーザログイン後のテスト 自分の投稿詳細画面のテスト 表示内容の確認 投稿の削除リンクが表示される\u001b[0m","\u001b[31mrspec ./spec/system/02_after_login_spec.rb:138\u001b[0m \u001b[36m# [STEP2] ユーザログイン後のテスト 自分の投稿詳細画面のテスト サイドバーの確認 自分の名前と紹介文が表示される\u001b[0m","\u001b[31mrspec ./spec/system/02_after_login_spec.rb:142\u001b[0m \u001b[36m# [STEP2] ユーザログイン後のテスト 自分の投稿詳細画面のテスト サイドバーの確認 自分のユーザ編集画面へのリンクが存在する\u001b[0m","\u001b[31mrspec ./spec/system/02_after_login_spec.rb:145\u001b[0m \u001b[36m# [STEP2] ユーザログイン後のテスト 自分の投稿詳細画面のテスト サイドバーの確認 「New book」と表示される\u001b[0m","\u001b[31mrspec ./spec/system/02_after_login_spec.rb:148\u001b[0m \u001b[36m# [STEP2] ユーザログイン後のテスト 自分の投稿詳細画面のテスト サイドバーの確認 titleフォームが表示される\u001b[0m","\u001b[31mrspec ./spec/system/02_after_login_spec.rb:151\u001b[0m \u001b[36m# [STEP2] ユーザログイン後のテスト 自分の投稿詳細画面のテスト サイドバーの確認 titleフォームに値が入っていない\u001b[0m","\u001b[31mrspec ./spec/system/02_after_login_spec.rb:154\u001b[0m \u001b[36m# [STEP2] ユーザログイン後のテスト 自分の投稿詳細画面のテスト サイドバーの確認 bodyフォームが表示される\u001b[0m","\u001b[31mrspec ./spec/system/02_after_login_spec.rb:157\u001b[0m \u001b[36m# [STEP2] ユーザログイン後のテスト 自分の投稿詳細画面のテスト サイドバーの確認 bodyフォームに値が入っていない\u001b[0m","\u001b[31mrspec ./spec/system/02_after_login_spec.rb:160\u001b[0m \u001b[36m# [STEP2] ユーザログイン後のテスト 自分の投稿詳細画面のテスト サイドバーの確認 Create Bookボタンが表示される\u001b[0m","\u001b[31mrspec ./spec/system/02_after_login_spec.rb:171\u001b[0m \u001b[36m# [STEP2] ユーザログイン後のテスト 自分の投稿詳細画面のテスト 投稿成功のテスト 自分の新しい投稿が正しく保存される\u001b[0m","\u001b[31mrspec ./spec/system/02_after_login_spec.rb:180\u001b[0m \u001b[36m# [STEP2] ユーザログイン後のテスト 自分の投稿詳細画面のテスト 編集リンクのテスト 編集画面に遷移する\u001b[0m","\u001b[31mrspec ./spec/system/02_after_login_spec.rb:189\u001b[0m \u001b[36m# [STEP2] ユーザログイン後のテスト 自分の投稿詳細画面のテスト 削除リンクのテスト application.html.erbにjavascript_pack_tagを含んでいる\u001b[0m","\u001b[31mrspec ./spec/system/02_after_login_spec.rb:203\u001b[0m \u001b[36m# [STEP2] ユーザログイン後のテスト 自分の投稿詳細画面のテスト 削除リンクのテスト 正しく削除される\u001b[0m","\u001b[31mrspec ./spec/system/02_after_login_spec.rb:206\u001b[0m \u001b[36m# [STEP2] ユーザログイン後のテスト 自分の投稿詳細画面のテスト 削除リンクのテスト リダイレクト先が、投稿一覧画面になっている\u001b[0m","\u001b[31mrspec ./spec/system/02_after_login_spec.rb:221\u001b[0m \u001b[36m# [STEP2] ユーザログイン後のテスト 自分の投稿編集画面のテスト 表示の確認 「Editing Book」と表示される\u001b[0m","\u001b[31mrspec ./spec/system/02_after_login_spec.rb:224\u001b[0m \u001b[36m# [STEP2] ユーザログイン後のテスト 自分の投稿編集画面のテスト 表示の確認 title編集フォームが表示される\u001b[0m","\u001b[31mrspec ./spec/system/02_after_login_spec.rb:227\u001b[0m \u001b[36m# [STEP2] ユーザログイン後のテスト 自分の投稿編集画面のテスト 表示の確認 body編集フォームが表示される\u001b[0m","\u001b[31mrspec ./spec/system/02_after_login_spec.rb:230\u001b[0m \u001b[36m# [STEP2] ユーザログイン後のテスト 自分の投稿編集画面のテスト 表示の確認 Update Bookボタンが表示される\u001b[0m","\u001b[31mrspec ./spec/system/02_after_login_spec.rb:233\u001b[0m \u001b[36m# [STEP2] ユーザログイン後のテスト 自分の投稿編集画面のテスト 表示の確認 Showリンクが表示される\u001b[0m","\u001b[31mrspec ./spec/system/02_after_login_spec.rb:236\u001b[0m \u001b[36m# [STEP2] ユーザログイン後のテスト 自分の投稿編集画面のテスト 表示の確認 Backリンクが表示される\u001b[0m","\u001b[31mrspec ./spec/system/02_after_login_spec.rb:250\u001b[0m \u001b[36m# [STEP2] ユーザログイン後のテスト 自分の投稿編集画面のテスト 編集成功のテスト titleが正しく更新される\u001b[0m","\u001b[31mrspec ./spec/system/02_after_login_spec.rb:253\u001b[0m \u001b[36m# [STEP2] ユーザログイン後のテスト 自分の投稿編集画面のテスト 編集成功のテスト bodyが正しく更新される\u001b[0m","\u001b[31mrspec ./spec/system/02_after_login_spec.rb:256\u001b[0m \u001b[36m# [STEP2] ユーザログイン後のテスト 自分の投稿編集画面のテスト 編集成功のテスト リダイレクト先が、更新した投稿の詳細画面になっている\u001b[0m","\u001b[31mrspec ./spec/system/02_after_login_spec.rb:293\u001b[0m \u001b[36m# [STEP2] ユーザログイン後のテスト ユーザ一覧画面のテスト サイドバーの確認 「New book」と表示される\u001b[0m","\u001b[31mrspec ./spec/system/02_after_login_spec.rb:323\u001b[0m \u001b[36m# [STEP2] ユーザログイン後のテスト 自分のユーザ詳細���面のテスト 表示の確認 投稿一覧のユーザ画像のリンク先が正しい\u001b[0m","\u001b[31mrspec ./spec/system/02_after_login_spec.rb:350\u001b[0m \u001b[36m# [STEP2] ユーザログイン後のテスト 自分のユーザ詳細画面のテスト サイドバーの確認 titleフォームが表示される\u001b[0m","\u001b[31mrspec ./spec/system/02_after_login_spec.rb:353\u001b[0m \u001b[36m# [STEP2] ユーザログイン後のテスト 自分のユーザ詳細画面のテスト サイドバーの確認 titleフォームに値が入っていない\u001b[0m","\u001b[31mrspec ./spec/system/02_after_login_spec.rb:356\u001b[0m \u001b[36m# [STEP2] ユーザログイン後のテスト 自分のユーザ詳細画面のテスト サイドバーの確認 bodyフォームが表示される\u001b[0m","\u001b[31mrspec ./spec/system/02_after_login_spec.rb:359\u001b[0m \u001b[36m# [STEP2] ユーザログイン後のテスト 自分のユーザ詳細画面のテスト サイドバーの確認 bodyフォームに値が入っていない\u001b[0m","\u001b[31mrspec ./spec/system/02_after_login_spec.rb:362\u001b[0m \u001b[36m# [STEP2] ユーザログイン後のテスト 自分のユーザ詳細画面のテスト サイドバーの確認 Create Bookボタンが表示される\u001b[0m","\u001b[31mrspec ./spec/system/03_finishing_touches_spec.rb:47\u001b[0m \u001b[36m# [STEP3] 仕上げのテスト サクセスメッセージのテスト 投稿データの新規投稿成功時: 投稿一覧画面から行います。\u001b[0m","\u001b[31mrspec ./spec/system/03_finishing_touches_spec.rb:58\u001b[0m \u001b[36m# [STEP3] 仕上げのテスト サクセスメッセージのテスト 投稿データの更新成功時\u001b[0m","\u001b[31mrspec ./spec/system/03_finishing_touches_spec.rb:109\u001b[0m \u001b[36m# [STEP3] 仕上げのテスト 処理失敗時のテスト ユーザのプロフィール情報編集失敗: nameを1文字にする 更新されない\u001b[0m","\u001b[31mrspec ./spec/system/03_finishing_touches_spec.rb:112\u001b[0m \u001b[36m# [STEP3] 仕上げのテスト 処理失敗時のテスト ユーザのプロフィール情報編集失敗: nameを1文字にする ユーザ編集画面を表示しており、フォームの内容が正しい\u001b[0m","\u001b[31mrspec ./spec/system/03_finishing_touches_spec.rb:115\u001b[0m \u001b[36m# [STEP3] 仕上げのテスト 処理失敗時のテスト ユーザのプロフィール情報編集失敗: nameを1文字にする バリデーションエラーが表示される\u001b[0m","\u001b[31mrspec ./spec/system/03_finishing_touches_spec.rb:131\u001b[0m \u001b[36m# [STEP3] 仕上げのテスト 処理失敗時のテスト 投稿データの新規投稿失敗: 投稿一覧画面から行い、titleを空にする 投稿が保存されない\u001b[0m","\u001b[31mrspec ./spec/system/03_finishing_touches_spec.rb:134\u001b[0m \u001b[36m# [STEP3] 仕上げのテスト 処理失敗時のテスト 投稿データの新規投稿失敗: 投稿一覧画面から行い、titleを空にする 投稿一覧画面を表示している\u001b[0m","\u001b[31mrspec ./spec/system/03_finishing_touches_spec.rb:140\u001b[0m \u001b[36m# [STEP3] 仕上げのテスト 処理失敗時のテスト 投稿データの新規投稿失敗: 投稿一覧画面から行い、titleを空にする 新規投稿フォームの内容が正しい\u001b[0m","\u001b[31mrspec ./spec/system/03_finishing_touches_spec.rb:144\u001b[0m \u001b[36m# [STEP3] 仕上げのテスト 処理失敗時のテスト 投稿データの新規投稿失敗: 投稿一覧画面から行い、titleを空にする バリデーションエラーが表示される\u001b[0m","\u001b[31mrspec ./spec/system/03_finishing_touches_spec.rb:162\u001b[0m \u001b[36m# [STEP3] 仕上げのテスト 処理失敗時のテスト 投稿データの更新失敗: titleを空にする 投稿が更新されない\u001b[0m","\u001b[31mrspec ./spec/system/03_finishing_touches_spec.rb:165\u001b[0m \u001b[36m# [STEP3] 仕上げのテスト 処理失敗時のテスト 投稿データの更新失敗: titleを空にする 投稿編集画面を表示しており、フォームの内容が正しい\u001b[0m","\u001b[31mrspec ./spec/system/03_finishing_touches_spec.rb:170\u001b[0m \u001b[36m# [STEP3] 仕上げのテスト 処理失敗時のテスト 投稿データの更新失敗: titleを空にする エラーメッセージが表示される\u001b[0m","\u001b[31mrspec ./spec/system/03_finishing_touches_spec.rb:179\u001b[0m \u001b[36m# [STEP3] 仕上げのテスト ログインしていない場合のアクセス制限のテスト: アクセスできず、ログイン画面に遷移する ユーザ一覧画面\u001b[0m","\u001b[31mrspec ./spec/system/03_finishing_touches_spec.rb:183\u001b[0m \u001b[36m# [STEP3] 仕上げのテスト ログインしていない場合のアクセス制限のテスト: アクセスできず、ログイン画面に遷移する ユーザ詳細画面\u001b[0m","\u001b[31mrspec ./spec/system/03_finishing_touches_spec.rb:187\u001b[0m \u001b[36m# [STEP3] 仕上げのテスト ログインしていない場合のアクセス制限のテスト: アクセスできず、ログイン画面に遷移する ユーザ情報編集画面\u001b[0m","\u001b[31mrspec ./spec/system/03_finishing_touches_spec.rb:191\u001b[0m \u001b[36m# [STEP3] 仕上げのテスト ログインしていない場合のアクセス制限のテスト: アクセスできず、ログイン画面に遷移する 投稿一覧画面\u001b[0m","\u001b[31mrspec ./spec/system/03_finishing_touches_spec.rb:195\u001b[0m \u001b[36m# [STEP3] 仕上げのテスト ログインしていない場合のアクセス制限のテスト: アクセスできず、ログイン画面に遷移する 投稿詳細画面\u001b[0m","\u001b[31mrspec ./spec/system/03_finishing_touches_spec.rb:199\u001b[0m \u001b[36m# [STEP3] 仕上げのテスト ログインしていない場合のアクセス制限のテスト: アクセスできず、ログイン画面に遷移する 投稿編集画面\u001b[0m","\u001b[31mrspec ./spec/system/03_finishing_touches_spec.rb:222\u001b[0m \u001b[36m# [STEP3] 仕上げのテスト 他人の画面のテスト 他人の投稿詳細画面のテスト 表示内容の確認 「Book detail」と表示される\u001b[0m","\u001b[31mrspec ./spec/system/03_finishing_touches_spec.rb:225\u001b[0m \u001b[36m# [STEP3] 仕上げのテスト 他人の画面のテスト 他人の投稿詳細画面のテスト 表示内容の確認 ユーザ画像・名前のリンク先が正しい\u001b[0m","\u001b[31mrspec ./spec/system/03_finishing_touches_spec.rb:243\u001b[0m \u001b[36m# [STEP3] 仕上げのテスト 他人の画面のテスト 他人の投稿詳細画面のテスト サイドバーの確認 他人の名前と紹介文が表示される\u001b[0m","\u001b[31mrspec ./spec/system/03_finishing_touches_spec.rb:247\u001b[0m \u001b[36m# [STEP3] 仕上げのテスト 他人の画面のテスト 他人の投稿詳細画面のテスト サイドバーの確認 他人のユーザ編集画面へのリンクが存在する\u001b[0m","\u001b[31mrspec ./spec/system/03_finishing_touches_spec.rb:265\u001b[0m \u001b[36m# [STEP3] 仕上げのテスト 他人の画面のテスト 他人の投稿編集画面 遷移できず、投稿一覧画面にリダイレクトされる\u001b[0m","\u001b[31mrspec ./spec/system/03_finishing_touches_spec.rb:282\u001b[0m \u001b[36m# [STEP3] 仕上げのテスト 他人の画面のテスト 他人のユーザ詳細画面のテスト 表示の確認 投稿一覧のユーザ画像のリンク先が正しい\u001b[0m","\u001b[31mrspec ./spec/system/03_finishing_touches_spec.rb:316\u001b[0m \u001b[36m# [STEP3] 仕上げのテスト 他人の画面のテスト 他人のユーザ情報編集画面 遷移できず、自分のユーザ詳細画面にリダイレクトされる\u001b[0m","\u001b[31mrspec ./spec/system/03_finishing_touches_spec.rb:333\u001b[0m \u001b[36m# [STEP3] 仕上げのテスト グリッドシステムのテスト: container, row, col-md-〇を正しく使えている ユーザ一覧画面\u001b[0m","\u001b[31mrspec ./spec/system/03_finishing_touches_spec.rb:338\u001b[0m \u001b[36m# [STEP3] 仕上げのテスト グリッドシステムのテスト: container, row, col-md-〇を正しく使えている ユーザ詳細画面\u001b[0m","\u001b[31mrspec ./spec/system/03_finishing_touches_spec.rb:343\u001b[0m \u001b[36m# [STEP3] 仕上げのテスト グリッドシステムのテスト: container, row, col-md-〇を正しく使えている 投稿一覧画面\u001b[0m","\u001b[31mrspec ./spec/system/03_finishing_touches_spec.rb:348\u001b[0m \u001b[36m# [STEP3] 仕上げのテスト グリッドシステムのテスト: container, row, col-md-〇を正しく使えている 投稿詳細画面\u001b[0m","\u001b[31mrspec ./spec/system/03_finishing_touches_spec.rb:420\u001b[0m \u001b[36m# [STEP3] 仕上げのテスト アイコンのテスト ヘッダー: ログインしている場合 Log outリンクのアイコンが表示される\u001b[0m","\u001b[31mrspec ./spec/system/03_finishing_touches_spec.rb:443\u001b[0m \u001b[36m# [STEP3] 仕上げのテスト アイコンのテスト サイドバー 投稿一覧画面でレンチアイコンが表示される\u001b[0m","\u001b[31mrspec ./spec/system/03_finishing_touches_spec.rb:447\u001b[0m \u001b[36m# [STEP3] 仕上げのテスト アイコンのテスト サイドバー 投稿詳細画面でレンチアイコンが表示される\u001b[0m","",""],"id":2}]]},"ace":{"folds":[],"scrolltop":16085.5,"scrollleft":0,"selection":{"start":{"row":1239,"column":0},"end":{"row":1239,"column":0},"isBackwards":false},"options":{"guessTabSize":true,"useWrapMode":false,"wrapToView":true},"firstLineState":{"row":1147,"state":"start","mode":"ace/mode/text"}},"timestamp":1693542084314,"hash":"a4c9db7e437b6da2052fbd259321713f9db55f96"}